  [1m[35m (783.3ms)[0m  [1m[35mCREATE DATABASE "Cats_99_development" ENCODING = 'unicode'[0m
  ↳ bin/rails:9
  [1m[35m (452.6ms)[0m  [1m[35mCREATE DATABASE "Cats_99_test" ENCODING = 'unicode'[0m
  ↳ bin/rails:9
  [1m[35m (105.8ms)[0m  [1m[35mCREATE TABLE "schema_migrations" ("version" character varying NOT NULL PRIMARY KEY)[0m
  ↳ bin/rails:9
  [1m[35m (4.4ms)[0m  [1m[35mCREATE TABLE "ar_internal_metadata" ("key" character varying NOT NULL PRIMARY KEY, "value" character varying, "created_at" timestamp NOT NULL, "updated_at" timestamp NOT NULL)[0m
  ↳ bin/rails:9
  [1m[35m (9.4ms)[0m  [1m[34mSELECT pg_try_advisory_lock(3552545752600783155)[0m
  ↳ bin/rails:9
  [1m[35m (8.5ms)[0m  [1m[34mSELECT "schema_migrations"."version" FROM "schema_migrations" ORDER BY "schema_migrations"."version" ASC[0m
  ↳ bin/rails:9
Migrating to CreateCatsTable (20190129195436)
  [1m[35m (0.3ms)[0m  [1m[35mBEGIN[0m
  ↳ bin/rails:9
  [1m[35m (50.7ms)[0m  [1m[35mCREATE TABLE "cats" ("id" bigserial primary key, "birth_date" date NOT NULL, "color" character varying NOT NULL, "name" character varying NOT NULL, "sex" character varying(1) NOT NULL, "description" text, "created_at" timestamp NOT NULL, "updated_at" timestamp NOT NULL)[0m
  ↳ db/migrate/20190129195436_create_cats_table.rb:3
  [1m[35m (1.4ms)[0m  [1m[35mCREATE  INDEX  "index_cats_on_name" ON "cats"  ("name")[0m
  ↳ db/migrate/20190129195436_create_cats_table.rb:11
  [1m[36mActiveRecord::SchemaMigration Create (1.0ms)[0m  [1m[32mINSERT INTO "schema_migrations" ("version") VALUES ($1) RETURNING "version"[0m  [["version", "20190129195436"]]
  ↳ bin/rails:9
  [1m[35m (0.8ms)[0m  [1m[35mCOMMIT[0m
  ↳ bin/rails:9
  [1m[36mActiveRecord::InternalMetadata Load (0.6ms)[0m  [1m[34mSELECT  "ar_internal_metadata".* FROM "ar_internal_metadata" WHERE "ar_internal_metadata"."key" = $1 LIMIT $2[0m  [["key", "environment"], ["LIMIT", 1]]
  ↳ bin/rails:9
  [1m[35m (0.2ms)[0m  [1m[35mBEGIN[0m
  ↳ bin/rails:9
  [1m[36mActiveRecord::InternalMetadata Create (0.7ms)[0m  [1m[32mINSERT INTO "ar_internal_metadata" ("key", "value", "created_at", "updated_at") VALUES ($1, $2, $3, $4) RETURNING "key"[0m  [["key", "environment"], ["value", "development"], ["created_at", "2019-01-29 20:02:31.240636"], ["updated_at", "2019-01-29 20:02:31.240636"]]
  ↳ bin/rails:9
  [1m[35m (0.6ms)[0m  [1m[35mCOMMIT[0m
  ↳ bin/rails:9
  [1m[35m (0.3ms)[0m  [1m[34mSELECT pg_advisory_unlock(3552545752600783155)[0m
  ↳ bin/rails:9
  [1m[35m (0.4ms)[0m  [1m[34mSELECT "schema_migrations"."version" FROM "schema_migrations" ORDER BY "schema_migrations"."version" ASC[0m
  ↳ bin/rails:9
  [1m[35m (0.3ms)[0m  [1m[35mBEGIN[0m
  [1m[35m (0.4ms)[0m  [1m[31mROLLBACK[0m
  [1m[35m (0.2ms)[0m  [1m[35mBEGIN[0m
  [1m[36mCat Create (9.1ms)[0m  [1m[32mINSERT INTO "cats" ("birth_date", "color", "name", "sex", "created_at", "updated_at") VALUES ($1, $2, $3, $4, $5, $6) RETURNING "id"[0m  [["birth_date", "2004-03-15"], ["color", "white"], ["name", "meowmix"], ["sex", "M"], ["created_at", "2019-01-29 20:12:12.436391"], ["updated_at", "2019-01-29 20:12:12.436391"]]
  [1m[35m (0.7ms)[0m  [1m[35mCOMMIT[0m
  [1m[35m (0.2ms)[0m  [1m[35mBEGIN[0m
  [1m[35m (0.3ms)[0m  [1m[31mROLLBACK[0m
  [1m[36mCat Load (9.3ms)[0m  [1m[34mSELECT  "cats".* FROM "cats" ORDER BY "cats"."id" ASC LIMIT $1[0m  [["LIMIT", 1]]
Started GET "/" for 127.0.0.1 at 2019-01-29 13:51:28 -0800
  [1m[35m (17.4ms)[0m  [1m[34mSELECT "schema_migrations"."version" FROM "schema_migrations" ORDER BY "schema_migrations"."version" ASC[0m
  ↳ /usr/local/var/rbenv/versions/2.5.0/lib/ruby/gems/2.5.0/gems/activerecord-5.2.2/lib/active_record/log_subscriber.rb:98

ActiveRecord::PendingMigrationError - Migrations are pending. To resolve this issue, run:

        bin/rails db:migrate RAILS_ENV=development

:

Started POST "/__better_errors/922f717e368c4bfd/variables" for 127.0.0.1 at 2019-01-29 13:51:28 -0800
  [1m[35m (0.3ms)[0m  [1m[34mSELECT pg_try_advisory_lock(3552545752600783155)[0m
  ↳ bin/rails:9
  [1m[35m (1.0ms)[0m  [1m[34mSELECT "schema_migrations"."version" FROM "schema_migrations" ORDER BY "schema_migrations"."version" ASC[0m
  ↳ bin/rails:9
Migrating to CreateCats (20190129200400)
  [1m[35m (0.3ms)[0m  [1m[35mBEGIN[0m
  ↳ bin/rails:9
  [1m[35m (16.6ms)[0m  [1m[35mCREATE TABLE "cats" ("id" bigserial primary key, "created_at" timestamp NOT NULL, "updated_at" timestamp NOT NULL)[0m
  ↳ db/migrate/20190129200400_create_cats.rb:3
  [1m[35m (0.2ms)[0m  [1m[31mROLLBACK[0m
  ↳ bin/rails:9
  [1m[35m (0.3ms)[0m  [1m[34mSELECT pg_advisory_unlock(3552545752600783155)[0m
  ↳ bin/rails:9
Started POST "/__better_errors/922f717e368c4bfd/variables" for 127.0.0.1 at 2019-01-29 13:53:50 -0800
Started POST "/__better_errors/922f717e368c4bfd/variables" for 127.0.0.1 at 2019-01-29 13:53:52 -0800
Started POST "/__better_errors/922f717e368c4bfd/variables" for 127.0.0.1 at 2019-01-29 13:53:53 -0800
Started POST "/__better_errors/922f717e368c4bfd/variables" for 127.0.0.1 at 2019-01-29 13:53:55 -0800
Started POST "/__better_errors/922f717e368c4bfd/variables" for 127.0.0.1 at 2019-01-29 13:53:59 -0800
Started GET "/" for 127.0.0.1 at 2019-01-29 13:57:07 -0800
  [1m[35m (16.3ms)[0m  [1m[34mSELECT "schema_migrations"."version" FROM "schema_migrations" ORDER BY "schema_migrations"."version" ASC[0m
  ↳ /usr/local/var/rbenv/versions/2.5.0/lib/ruby/gems/2.5.0/gems/activerecord-5.2.2/lib/active_record/log_subscriber.rb:98

ActiveRecord::PendingMigrationError - Migrations are pending. To resolve this issue, run:

        bin/rails db:migrate RAILS_ENV=development

:

Started POST "/__better_errors/fa664759aa6a27b6/variables" for 127.0.0.1 at 2019-01-29 13:57:07 -0800
Started GET "/users" for 127.0.0.1 at 2019-01-29 13:57:14 -0800
  [1m[35m (0.4ms)[0m  [1m[34mSELECT "schema_migrations"."version" FROM "schema_migrations" ORDER BY "schema_migrations"."version" ASC[0m
  ↳ /usr/local/var/rbenv/versions/2.5.0/lib/ruby/gems/2.5.0/gems/activerecord-5.2.2/lib/active_record/log_subscriber.rb:98

ActiveRecord::PendingMigrationError - Migrations are pending. To resolve this issue, run:

        bin/rails db:migrate RAILS_ENV=development

:

Started POST "/__better_errors/c8f29d7b2c291798/variables" for 127.0.0.1 at 2019-01-29 13:57:14 -0800
Started GET "/cats" for 127.0.0.1 at 2019-01-29 13:57:20 -0800
  [1m[35m (1.5ms)[0m  [1m[34mSELECT "schema_migrations"."version" FROM "schema_migrations" ORDER BY "schema_migrations"."version" ASC[0m
  ↳ /usr/local/var/rbenv/versions/2.5.0/lib/ruby/gems/2.5.0/gems/activerecord-5.2.2/lib/active_record/log_subscriber.rb:98

ActiveRecord::PendingMigrationError - Migrations are pending. To resolve this issue, run:

        bin/rails db:migrate RAILS_ENV=development

:

Started POST "/__better_errors/f494650cef8fa464/variables" for 127.0.0.1 at 2019-01-29 13:57:20 -0800
Started GET "/cats" for 127.0.0.1 at 2019-01-29 14:02:04 -0800
  [1m[35m (1.6ms)[0m  [1m[34mSELECT "schema_migrations"."version" FROM "schema_migrations" ORDER BY "schema_migrations"."version" ASC[0m
  ↳ /usr/local/var/rbenv/versions/2.5.0/lib/ruby/gems/2.5.0/gems/activerecord-5.2.2/lib/active_record/log_subscriber.rb:98
Processing by CatsController#index as HTML
Completed 500 Internal Server Error in 114ms (ActiveRecord: 0.0ms)



ActionView::MissingTemplate - Missing template cats/cats, application/cats with {:locale=>[:en], :formats=>[:html], :variants=>[], :handlers=>[:raw, :erb, :html, :builder, :ruby, :coffee, :jbuilder]}. Searched in:
  * "/Users/appacademy/Desktop/W4D2/Cats_99/app/views"
:
  app/controllers/cats_controller.rb:4:in `index'

Started POST "/__better_errors/f213ff27bcb35d51/variables" for 127.0.0.1 at 2019-01-29 14:02:05 -0800
  [1m[36mCat Load (1.8ms)[0m  [1m[34mSELECT  "cats".* FROM "cats" LIMIT $1[0m  [["LIMIT", 11]]
  ↳ /usr/local/var/rbenv/versions/2.5.0/lib/ruby/gems/2.5.0/gems/activerecord-5.2.2/lib/active_record/log_subscriber.rb:98
  [1m[36mCACHE Cat Load (0.0ms)[0m  [1m[34mSELECT  "cats".* FROM "cats" LIMIT $1[0m  [["LIMIT", 11]]
  ↳ /usr/local/var/rbenv/versions/2.5.0/lib/ruby/gems/2.5.0/gems/activerecord-5.2.2/lib/active_record/log_subscriber.rb:98
  [1m[36mCACHE Cat Load (0.0ms)[0m  [1m[34mSELECT  "cats".* FROM "cats" LIMIT $1[0m  [["LIMIT", 11]]
  ↳ /usr/local/var/rbenv/versions/2.5.0/lib/ruby/gems/2.5.0/gems/activerecord-5.2.2/lib/active_record/log_subscriber.rb:98
Started GET "/" for 127.0.0.1 at 2019-01-29 14:02:14 -0800
Processing by Rails::WelcomeController#index as HTML
  Rendering /usr/local/var/rbenv/versions/2.5.0/lib/ruby/gems/2.5.0/gems/railties-5.2.2/lib/rails/templates/rails/welcome/index.html.erb
  Rendered /usr/local/var/rbenv/versions/2.5.0/lib/ruby/gems/2.5.0/gems/railties-5.2.2/lib/rails/templates/rails/welcome/index.html.erb (32.0ms)
Completed 200 OK in 58ms (Views: 35.8ms | ActiveRecord: 0.0ms)


Started GET "/cats" for 127.0.0.1 at 2019-01-29 14:14:20 -0800
Processing by CatsController#index as HTML
  [1m[36mCat Load (1.5ms)[0m  [1m[34mSELECT "cats".* FROM "cats"[0m
  ↳ app/controllers/cats_controller.rb:5
Completed 500 Internal Server Error in 58ms (ActiveRecord: 11.4ms)



ActionView::MissingTemplate - Missing partial cats/_cat with {:locale=>[:en], :formats=>[:html], :variants=>[], :handlers=>[:raw, :erb, :html, :builder, :ruby, :coffee, :jbuilder]}. Searched in:
  * "/Users/appacademy/Desktop/W4D2/Cats_99/app/views"
:
  app/controllers/cats_controller.rb:5:in `index'

Started POST "/__better_errors/72177b17d1420394/variables" for 127.0.0.1 at 2019-01-29 14:14:21 -0800
Started GET "/cats" for 127.0.0.1 at 2019-01-29 14:14:48 -0800
Processing by CatsController#index as HTML
  [1m[36mCat Load (0.6ms)[0m  [1m[34mSELECT "cats".* FROM "cats"[0m
  ↳ app/controllers/cats_controller.rb:5
Completed 200 OK in 44ms (Views: 12.1ms | ActiveRecord: 9.7ms)


Started GET "/cats" for 127.0.0.1 at 2019-01-29 14:15:08 -0800
Processing by CatsController#index as HTML
Completed 500 Internal Server Error in 13ms (ActiveRecord: 0.0ms)



ActionView::MissingTemplate - Missing template cats/cats, application/cats with {:locale=>[:en], :formats=>[:html], :variants=>[], :handlers=>[:raw, :erb, :html, :builder, :ruby, :coffee, :jbuilder]}. Searched in:
  * "/Users/appacademy/Desktop/W4D2/Cats_99/app/views"
:
  app/controllers/cats_controller.rb:4:in `index'

Started POST "/__better_errors/5b96abfbce798932/variables" for 127.0.0.1 at 2019-01-29 14:15:08 -0800
  [1m[36mCat Load (0.6ms)[0m  [1m[34mSELECT  "cats".* FROM "cats" LIMIT $1[0m  [["LIMIT", 11]]
  ↳ /usr/local/var/rbenv/versions/2.5.0/lib/ruby/gems/2.5.0/gems/activerecord-5.2.2/lib/active_record/log_subscriber.rb:98
  [1m[36mCACHE Cat Load (0.0ms)[0m  [1m[34mSELECT  "cats".* FROM "cats" LIMIT $1[0m  [["LIMIT", 11]]
  ↳ /usr/local/var/rbenv/versions/2.5.0/lib/ruby/gems/2.5.0/gems/activerecord-5.2.2/lib/active_record/log_subscriber.rb:98
  [1m[36mCACHE Cat Load (0.0ms)[0m  [1m[34mSELECT  "cats".* FROM "cats" LIMIT $1[0m  [["LIMIT", 11]]
  ↳ /usr/local/var/rbenv/versions/2.5.0/lib/ruby/gems/2.5.0/gems/activerecord-5.2.2/lib/active_record/log_subscriber.rb:98
Started GET "/cats" for 127.0.0.1 at 2019-01-29 14:18:49 -0800
Processing by CatsController#index as HTML
Completed 500 Internal Server Error in 26ms (ActiveRecord: 0.0ms)



ActionView::MissingTemplate - Missing template cats/cats, application/cats with {:locale=>[:en], :formats=>[:html], :variants=>[], :handlers=>[:raw, :erb, :html, :builder, :ruby, :coffee, :jbuilder]}. Searched in:
  * "/Users/appacademy/Desktop/W4D2/Cats_99/app/views"
:
  app/controllers/cats_controller.rb:4:in `index'

Started POST "/__better_errors/18f1daf424f110e7/variables" for 127.0.0.1 at 2019-01-29 14:18:49 -0800
  [1m[36mCat Load (1.2ms)[0m  [1m[34mSELECT  "cats".* FROM "cats" LIMIT $1[0m  [["LIMIT", 11]]
  ↳ /usr/local/var/rbenv/versions/2.5.0/lib/ruby/gems/2.5.0/gems/activerecord-5.2.2/lib/active_record/log_subscriber.rb:98
  [1m[36mCACHE Cat Load (0.0ms)[0m  [1m[34mSELECT  "cats".* FROM "cats" LIMIT $1[0m  [["LIMIT", 11]]
  ↳ /usr/local/var/rbenv/versions/2.5.0/lib/ruby/gems/2.5.0/gems/activerecord-5.2.2/lib/active_record/log_subscriber.rb:98
  [1m[36mCACHE Cat Load (0.0ms)[0m  [1m[34mSELECT  "cats".* FROM "cats" LIMIT $1[0m  [["LIMIT", 11]]
  ↳ /usr/local/var/rbenv/versions/2.5.0/lib/ruby/gems/2.5.0/gems/activerecord-5.2.2/lib/active_record/log_subscriber.rb:98
Started GET "/cats" for 127.0.0.1 at 2019-01-29 14:19:20 -0800
Processing by CatsController#index as HTML
  Rendering cats/index.html.erb within layouts/application
  [1m[36mCat Load (1.3ms)[0m  [1m[34mSELECT "cats".* FROM "cats"[0m
  ↳ app/views/cats/index.html.erb:3
  Rendered cats/index.html.erb within layouts/application (26.8ms)
Started GET "/cats" for 127.0.0.1 at 2019-01-29 14:19:22 -0800
Completed 200 OK in 2539ms (Views: 2499.3ms | ActiveRecord: 7.0ms)


Processing by CatsController#index as HTML
  Rendering cats/index.html.erb within layouts/application
  [1m[36mCat Load (1.1ms)[0m  [1m[34mSELECT "cats".* FROM "cats"[0m
  ↳ app/views/cats/index.html.erb:3
  Rendered cats/index.html.erb within layouts/application (44.2ms)
Completed 200 OK in 121ms (Views: 103.0ms | ActiveRecord: 15.1ms)


Started GET "/cats/1" for 127.0.0.1 at 2019-01-29 14:20:07 -0800
Processing by CatsController#show as HTML
  Parameters: {"id"=>"1"}
  [1m[36mCat Load (0.7ms)[0m  [1m[34mSELECT  "cats".* FROM "cats" WHERE "cats"."id" = $1 LIMIT $2[0m  [["id", 1], ["LIMIT", 1]]
  ↳ app/controllers/cats_controller.rb:8
Completed 500 Internal Server Error in 59ms (ActiveRecord: 11.3ms)



ActionView::MissingTemplate - Missing template cats/cat, application/cat with {:locale=>[:en], :formats=>[:html], :variants=>[], :handlers=>[:raw, :erb, :html, :builder, :ruby, :coffee, :jbuilder]}. Searched in:
  * "/Users/appacademy/Desktop/W4D2/Cats_99/app/views"
:
  app/controllers/cats_controller.rb:9:in `show'

Started POST "/__better_errors/74221e8fe168b9ce/variables" for 127.0.0.1 at 2019-01-29 14:20:07 -0800
Started GET "/cats/1" for 127.0.0.1 at 2019-01-29 14:25:01 -0800
Processing by CatsController#show as HTML
  Parameters: {"id"=>"1"}
  [1m[36mCat Load (1.0ms)[0m  [1m[34mSELECT  "cats".* FROM "cats" WHERE "cats"."id" = $1 LIMIT $2[0m  [["id", 1], ["LIMIT", 1]]
  ↳ app/controllers/cats_controller.rb:10
  Rendering cats/show.html.erb within layouts/application
  Rendered cats/show.html.erb within layouts/application (467.3ms)
Completed 500 Internal Server Error in 528ms (ActiveRecord: 15.3ms)



NameError - undefined local variable or method `cat' for #<#<Class:0x00007faccc1442b0>:0x00007faccc1427f8>
Did you mean?  @cat:
  app/views/cats/show.html.erb:2:in `_app_views_cats_show_html_erb__2769190950395124034_70190067485360'
  app/controllers/cats_controller.rb:11:in `show'

Started POST "/__better_errors/9c61fae092b6cba0/variables" for 127.0.0.1 at 2019-01-29 14:25:02 -0800
Started GET "/cats/1" for 127.0.0.1 at 2019-01-29 14:25:14 -0800
Processing by CatsController#show as HTML
  Parameters: {"id"=>"1"}
  [1m[36mCat Load (0.4ms)[0m  [1m[34mSELECT  "cats".* FROM "cats" WHERE "cats"."id" = $1 LIMIT $2[0m  [["id", 1], ["LIMIT", 1]]
  ↳ app/controllers/cats_controller.rb:10
  Rendering cats/show.html.erb within layouts/application
  Rendered cats/show.html.erb within layouts/application (656.9ms)
Completed 500 Internal Server Error in 677ms (ActiveRecord: 0.4ms)



NameError - undefined local variable or method `cat' for #<#<Class:0x00007faccc1442b0>:0x00007facc6b8cf70>
Did you mean?  @cat:
  app/views/cats/show.html.erb:2:in `_app_views_cats_show_html_erb__2769190950395124034_70190067473780'
  app/controllers/cats_controller.rb:11:in `show'

Started POST "/__better_errors/8daf4462f5827ceb/variables" for 127.0.0.1 at 2019-01-29 14:25:15 -0800
Started GET "/cats/1" for 127.0.0.1 at 2019-01-29 14:25:19 -0800
Processing by CatsController#show as HTML
  Parameters: {"id"=>"1"}
  [1m[36mCat Load (0.6ms)[0m  [1m[34mSELECT  "cats".* FROM "cats" WHERE "cats"."id" = $1 LIMIT $2[0m  [["id", 1], ["LIMIT", 1]]
  ↳ app/controllers/cats_controller.rb:10
  Rendering cats/show.html.erb within layouts/application
  Rendered cats/show.html.erb within layouts/application (17.2ms)
Completed 200 OK in 261ms (Views: 258.8ms | ActiveRecord: 0.6ms)


  [1m[36mCat Load (0.9ms)[0m  [1m[34mSELECT "cats".* FROM "cats"[0m
Started GET "/cats/1" for 127.0.0.1 at 2019-01-29 14:27:18 -0800
Processing by CatsController#show as HTML
  Parameters: {"id"=>"1"}
  [1m[36mCat Load (0.5ms)[0m  [1m[34mSELECT  "cats".* FROM "cats" WHERE "cats"."id" = $1 LIMIT $2[0m  [["id", 1], ["LIMIT", 1]]
  ↳ app/controllers/cats_controller.rb:10
  Rendering cats/show.html.erb within layouts/application
  Rendered cats/show.html.erb within layouts/application (609.5ms)
Completed 500 Internal Server Error in 651ms (ActiveRecord: 0.5ms)



NameError - undefined local variable or method `cat' for #<#<Class:0x00007faccc1442b0>:0x00007facc742f4c0>
Did you mean?  @cat:
  app/views/cats/show.html.erb:8:in `_app_views_cats_show_html_erb__2769190950395124034_70190027050140'
  app/controllers/cats_controller.rb:11:in `show'

Started POST "/__better_errors/317d96f7c803daaa/variables" for 127.0.0.1 at 2019-01-29 14:27:19 -0800
Started GET "/cats/1" for 127.0.0.1 at 2019-01-29 14:27:25 -0800
Processing by CatsController#show as HTML
  Parameters: {"id"=>"1"}
  [1m[36mCat Load (0.7ms)[0m  [1m[34mSELECT  "cats".* FROM "cats" WHERE "cats"."id" = $1 LIMIT $2[0m  [["id", 1], ["LIMIT", 1]]
  ↳ app/controllers/cats_controller.rb:10
  Rendering cats/show.html.erb within layouts/application
  Rendered cats/show.html.erb within layouts/application (0.8ms)
Completed 200 OK in 128ms (Views: 125.0ms | ActiveRecord: 0.7ms)


  [1m[35m (0.8ms)[0m  [1m[35mBEGIN[0m
  [1m[36mCat Create (30.8ms)[0m  [1m[32mINSERT INTO "cats" ("birth_date", "color", "name", "sex", "description", "created_at", "updated_at") VALUES ($1, $2, $3, $4, $5, $6, $7) RETURNING "id"[0m  [["birth_date", "1999-04-12"], ["color", "blue"], ["name", "hello"], ["sex", "F"], ["description", "Is an angry cat"], ["created_at", "2019-01-29 22:29:37.824515"], ["updated_at", "2019-01-29 22:29:37.824515"]]
  [1m[35m (11.2ms)[0m  [1m[35mCOMMIT[0m
  [1m[35m (0.3ms)[0m  [1m[35mBEGIN[0m
  [1m[36mCat Update (1.3ms)[0m  [1m[33mUPDATE "cats" SET "name" = $1, "sex" = $2, "updated_at" = $3 WHERE "cats"."id" = $4[0m  [["name", "bye"], ["sex", "M"], ["updated_at", "2019-01-29 22:30:09.708868"], ["id", 2]]
  [1m[35m (0.6ms)[0m  [1m[35mCOMMIT[0m
  [1m[36mCat Load (0.6ms)[0m  [1m[34mSELECT "cats".* FROM "cats"[0m
  [1m[35m (0.2ms)[0m  [1m[35mBEGIN[0m
  [1m[36mCat Create (0.6ms)[0m  [1m[32mINSERT INTO "cats" ("birth_date", "color", "name", "sex", "description", "created_at", "updated_at") VALUES ($1, $2, $3, $4, $5, $6, $7) RETURNING "id"[0m  [["birth_date", "2018-01-01"], ["color", "red"], ["name", "roger"], ["sex", "F"], ["description", "Is a happy cat"], ["created_at", "2019-01-29 22:31:19.646681"], ["updated_at", "2019-01-29 22:31:19.646681"]]
  [1m[35m (0.5ms)[0m  [1m[35mCOMMIT[0m
  [1m[36mCat Load (0.6ms)[0m  [1m[34mSELECT "cats".* FROM "cats"[0m
Started GET "/cats/new" for 127.0.0.1 at 2019-01-29 14:55:33 -0800
Processing by CatsController#new as HTML
  Rendering cats/new.html.erb within layouts/application
  Rendered cats/_form.html.erb (1.8ms)
  Rendered cats/new.html.erb within layouts/application (20.2ms)
Completed 200 OK in 246ms (Views: 153.7ms | ActiveRecord: 11.2ms)


Started GET "/cats/new" for 127.0.0.1 at 2019-01-29 14:56:04 -0800
Processing by CatsController#new as HTML
  Rendering cats/new.html.erb within layouts/application
  Rendered cats/_form.html.erb (0.7ms)
  Rendered cats/new.html.erb within layouts/application (3.4ms)
Completed 200 OK in 82ms (Views: 81.4ms | ActiveRecord: 0.0ms)


Started GET "/cats/new" for 127.0.0.1 at 2019-01-29 14:56:32 -0800
Processing by CatsController#new as HTML
  Rendering cats/new.html.erb within layouts/application
  Rendered cats/_form.html.erb (1.3ms)
  Rendered cats/new.html.erb within layouts/application (3.9ms)
Completed 200 OK in 35ms (Views: 34.0ms | ActiveRecord: 0.0ms)


Started GET "/cats/new" for 127.0.0.1 at 2019-01-29 14:58:40 -0800
Processing by CatsController#new as HTML
  Rendering cats/new.html.erb within layouts/application
  Rendered cats/_form.html.erb (0.9ms)
  Rendered cats/new.html.erb within layouts/application (14.9ms)
Completed 200 OK in 131ms (Views: 130.4ms | ActiveRecord: 0.0ms)


Started GET "/cats/new" for 127.0.0.1 at 2019-01-29 15:01:13 -0800
Processing by CatsController#new as HTML
  Rendering cats/new.html.erb within layouts/application
  Rendered cats/_form.html.erb (1.6ms)
  Rendered cats/new.html.erb within layouts/application (6.1ms)
Completed 200 OK in 199ms (Views: 198.5ms | ActiveRecord: 0.0ms)


Started GET "/cats/new" for 127.0.0.1 at 2019-01-29 15:03:09 -0800
Processing by CatsController#new as HTML
  Rendering cats/new.html.erb within layouts/application
  Rendered cats/_form.html.erb (1.7ms)
  Rendered cats/new.html.erb within layouts/application (5.6ms)
Completed 200 OK in 153ms (Views: 152.7ms | ActiveRecord: 0.0ms)


Started POST "/cats" for 127.0.0.1 at 2019-01-29 15:06:25 -0800

AbstractController::ActionNotFound - The action 'create' could not be found for CatsController:

Started POST "/__better_errors/b8e05c8455952a4a/variables" for 127.0.0.1 at 2019-01-29 15:06:26 -0800
Started POST "/cats" for 127.0.0.1 at 2019-01-29 15:06:33 -0800

AbstractController::ActionNotFound - The action 'create' could not be found for CatsController:

Started POST "/__better_errors/9bf22907b35565c6/variables" for 127.0.0.1 at 2019-01-29 15:06:34 -0800
Started GET "/cats/new" for 127.0.0.1 at 2019-01-29 15:06:41 -0800
Processing by CatsController#new as HTML
  Rendering cats/new.html.erb within layouts/application
  Rendered cats/_form.html.erb (2.6ms)
  Rendered cats/new.html.erb within layouts/application (18.1ms)
Completed 200 OK in 160ms (Views: 158.7ms | ActiveRecord: 0.0ms)


Started GET "/cats/new" for 127.0.0.1 at 2019-01-29 15:11:55 -0800
Processing by CatsController#new as HTML
  Rendering cats/new.html.erb within layouts/application
  Rendered cats/_form.html.erb (0.9ms)
  Rendered cats/new.html.erb within layouts/application (17.0ms)
Completed 200 OK in 153ms (Views: 152.1ms | ActiveRecord: 0.0ms)


Started GET "/cats/new" for 127.0.0.1 at 2019-01-29 15:12:05 -0800
Processing by CatsController#new as HTML
  Rendering cats/new.html.erb within layouts/application
  Rendered cats/_form.html.erb (1.7ms)
  Rendered cats/new.html.erb within layouts/application (4.6ms)
Completed 200 OK in 34ms (Views: 33.1ms | ActiveRecord: 0.0ms)


Started GET "/cats/new" for 127.0.0.1 at 2019-01-29 15:12:51 -0800
Processing by CatsController#new as HTML
  Rendering cats/new.html.erb within layouts/application
  Rendered cats/_form.html.erb (7.8ms)
  Rendered cats/new.html.erb within layouts/application (15.9ms)
Completed 200 OK in 204ms (Views: 193.1ms | ActiveRecord: 0.0ms)


Started GET "/cats/new" for 127.0.0.1 at 2019-01-29 15:12:53 -0800
Processing by CatsController#new as HTML
  Rendering cats/new.html.erb within layouts/application
  Rendered cats/_form.html.erb (2.0ms)
  Rendered cats/new.html.erb within layouts/application (10.6ms)
Completed 200 OK in 76ms (Views: 74.2ms | ActiveRecord: 0.0ms)


Started GET "/cats/new" for 127.0.0.1 at 2019-01-29 15:14:51 -0800
Processing by CatsController#new as HTML
  Rendering cats/new.html.erb within layouts/application
  Rendered cats/_form.html.erb (2.0ms)
  Rendered cats/new.html.erb within layouts/application (6.0ms)
Completed 200 OK in 99ms (Views: 97.5ms | ActiveRecord: 0.0ms)


Started GET "/cats/new" for 127.0.0.1 at 2019-01-29 15:18:07 -0800
Processing by CatsController#new as HTML
  Rendering cats/new.html.erb within layouts/application
  Rendered cats/_form.html.erb (1.4ms)
  Rendered cats/new.html.erb within layouts/application (14.8ms)
Completed 200 OK in 183ms (Views: 135.1ms | ActiveRecord: 13.4ms)


Started POST "/cats" for 127.0.0.1 at 2019-01-29 15:18:28 -0800
Processing by CatsController#create as HTML
  Parameters: {"cat"=>{"name"=>"Bill", "sex"=>"M", "color"=>"", "birth_date"=>"2019-01-08", "description"=>"He's not that amazing"}}
Completed 500 Internal Server Error in 297ms (ActiveRecord: 0.0ms)



NameError - undefined local variable or method `cat_params' for #<CatsController:0x00007faccc0a3798>
Did you mean?  cat_path:
  app/controllers/cats_controller.rb:20:in `create'

Started POST "/__better_errors/3f4f9f12cb8f62c3/variables" for 127.0.0.1 at 2019-01-29 15:18:29 -0800
Started GET "/cats/new" for 127.0.0.1 at 2019-01-29 15:21:23 -0800

SyntaxError - syntax error, unexpected end-of-input, expecting keyword_end:
  app/controllers/cats_controller.rb:34:in `'

Started POST "/__better_errors/692310af84eda6b6/variables" for 127.0.0.1 at 2019-01-29 15:21:23 -0800
Started GET "/cats/new" for 127.0.0.1 at 2019-01-29 15:21:35 -0800
Processing by CatsController#new as HTML
  Rendering cats/new.html.erb within layouts/application
  Rendered cats/_form.html.erb (0.9ms)
  Rendered cats/new.html.erb within layouts/application (14.4ms)
Completed 200 OK in 171ms (Views: 132.0ms | ActiveRecord: 7.7ms)


Started POST "/cats" for 127.0.0.1 at 2019-01-29 15:21:55 -0800
Processing by CatsController#create as HTML
  Parameters: {"cat"=>{"name"=>"Bill", "sex"=>"M", "color"=>"", "birth_date"=>"2019-01-22", "description"=>"he is amazing!!"}}
  [1m[35m (0.3ms)[0m  [1m[35mBEGIN[0m
  ↳ app/controllers/cats_controller.rb:21
  [1m[35m (0.3ms)[0m  [1m[31mROLLBACK[0m
  ↳ app/controllers/cats_controller.rb:21
Completed 422 Unprocessable Entity in 78ms (Views: 0.3ms | ActiveRecord: 0.5ms)


Started POST "/cats" for 127.0.0.1 at 2019-01-29 15:23:27 -0800
Processing by CatsController#create as HTML
  Parameters: {"cat"=>{"name"=>"Bill", "sex"=>"M", "color"=>"", "birth_date"=>"2019-01-22", "description"=>"he is amazing!!"}}
Completed 500 Internal Server Error in 65286ms (ActiveRecord: 0.0ms)



SystemExit - exit:
  (byebug):1:in `create'
  app/controllers/cats_controller.rb:21:in `create'

Started POST "/__better_errors/ee5053f0fd4393f4/variables" for 127.0.0.1 at 2019-01-29 15:24:33 -0800
Started POST "/cats" for 127.0.0.1 at 2019-01-29 15:24:42 -0800
Processing by CatsController#create as HTML
  Parameters: {"cat"=>{"name"=>"Bill", "sex"=>"M", "color"=>"", "birth_date"=>"2019-01-22", "description"=>"he is amazing!!"}}
Completed 500 Internal Server Error in 39225ms (ActiveRecord: 0.0ms)



SystemExit - exit:
  (byebug):1:in `create'
  app/controllers/cats_controller.rb:21:in `create'

Started POST "/__better_errors/273fa1239aa2b211/variables" for 127.0.0.1 at 2019-01-29 15:25:22 -0800
Started POST "/cats" for 127.0.0.1 at 2019-01-29 15:25:45 -0800
Processing by CatsController#create as HTML
  Parameters: {"cat"=>{"name"=>"Bill", "sex"=>"M", "color"=>"", "birth_date"=>"2019-01-22", "description"=>"he is amazing!!"}}
  [1m[35m (3.5ms)[0m  [1m[35mBEGIN[0m
  ↳ app/controllers/cats_controller.rb:21
  [1m[35m (2.2ms)[0m  [1m[31mROLLBACK[0m
  ↳ app/controllers/cats_controller.rb:21
Completed 422 Unprocessable Entity in 388ms (Views: 3.2ms | ActiveRecord: 20.7ms)


Started GET "/cats" for 127.0.0.1 at 2019-01-29 15:26:20 -0800
  [1m[35m (10.2ms)[0m  [1m[34mSELECT "schema_migrations"."version" FROM "schema_migrations" ORDER BY "schema_migrations"."version" ASC[0m
  ↳ /usr/local/var/rbenv/versions/2.5.0/lib/ruby/gems/2.5.0/gems/activerecord-5.2.2/lib/active_record/log_subscriber.rb:98
Processing by CatsController#index as HTML
  Rendering cats/index.html.erb within layouts/application
  [1m[36mCat Load (0.8ms)[0m  [1m[34mSELECT "cats".* FROM "cats"[0m
  ↳ app/views/cats/index.html.erb:3
  Rendered cats/index.html.erb within layouts/application (45.5ms)
Completed 200 OK in 500ms (Views: 479.5ms | ActiveRecord: 9.7ms)


Started GET "/cats/2" for 127.0.0.1 at 2019-01-29 15:26:28 -0800
Processing by CatsController#show as HTML
  Parameters: {"id"=>"2"}
  [1m[36mCat Load (0.8ms)[0m  [1m[34mSELECT  "cats".* FROM "cats" WHERE "cats"."id" = $1 LIMIT $2[0m  [["id", 2], ["LIMIT", 1]]
  ↳ app/controllers/cats_controller.rb:10
  Rendering cats/show.html.erb within layouts/application
  Rendered cats/show.html.erb within layouts/application (0.9ms)
Completed 200 OK in 84ms (Views: 31.4ms | ActiveRecord: 1.1ms)


Started GET "/cats/new" for 127.0.0.1 at 2019-01-29 15:26:35 -0800
Processing by CatsController#new as HTML
  Rendering cats/new.html.erb within layouts/application
  Rendered cats/_form.html.erb (3.1ms)
  Rendered cats/new.html.erb within layouts/application (15.7ms)
Completed 200 OK in 81ms (Views: 80.2ms | ActiveRecord: 0.0ms)


Started POST "/cats" for 127.0.0.1 at 2019-01-29 15:26:47 -0800
Processing by CatsController#create as HTML
  Parameters: {"cat"=>{"name"=>"Bill", "sex"=>"M", "color"=>"blue", "birth_date"=>"2019-01-01", "description"=>"Tell us about your amazing cat!"}}
  [1m[35m (0.6ms)[0m  [1m[35mBEGIN[0m
  ↳ app/controllers/cats_controller.rb:21
  [1m[36mCat Create (1.2ms)[0m  [1m[32mINSERT INTO "cats" ("birth_date", "color", "name", "sex", "description", "created_at", "updated_at") VALUES ($1, $2, $3, $4, $5, $6, $7) RETURNING "id"[0m  [["birth_date", "2019-01-01"], ["color", "blue"], ["name", "Bill"], ["sex", "M"], ["description", "Tell us about your amazing cat!"], ["created_at", "2019-01-29 23:26:47.556814"], ["updated_at", "2019-01-29 23:26:47.556814"]]
  ↳ app/controllers/cats_controller.rb:21
  [1m[35m (32.6ms)[0m  [1m[35mCOMMIT[0m
  ↳ app/controllers/cats_controller.rb:21
Redirected to http://localhost:3000/cats/4
Completed 302 Found in 41ms (ActiveRecord: 34.3ms)


Started GET "/cats/4" for 127.0.0.1 at 2019-01-29 15:26:47 -0800
Processing by CatsController#show as HTML
  Parameters: {"id"=>"4"}
  [1m[36mCat Load (0.5ms)[0m  [1m[34mSELECT  "cats".* FROM "cats" WHERE "cats"."id" = $1 LIMIT $2[0m  [["id", 4], ["LIMIT", 1]]
  ↳ app/controllers/cats_controller.rb:10
  Rendering cats/show.html.erb within layouts/application
  Rendered cats/show.html.erb within layouts/application (0.7ms)
Completed 200 OK in 31ms (Views: 29.3ms | ActiveRecord: 0.5ms)


Started GET "/cats/4" for 127.0.0.1 at 2019-01-29 15:28:08 -0800
Processing by CatsController#show as HTML
  Parameters: {"id"=>"4"}
  [1m[36mCat Load (0.7ms)[0m  [1m[34mSELECT  "cats".* FROM "cats" WHERE "cats"."id" = $1 LIMIT $2[0m  [["id", 4], ["LIMIT", 1]]
  ↳ app/controllers/cats_controller.rb:10
  Rendering cats/show.html.erb within layouts/application
  Rendered cats/show.html.erb within layouts/application (0.9ms)
Completed 200 OK in 66ms (Views: 62.4ms | ActiveRecord: 0.7ms)


Started GET "/cats/cats_url" for 127.0.0.1 at 2019-01-29 15:28:09 -0800
Processing by CatsController#show as HTML
  Parameters: {"id"=>"cats_url"}
  [1m[36mCat Load (0.4ms)[0m  [1m[34mSELECT  "cats".* FROM "cats" WHERE "cats"."id" = $1 LIMIT $2[0m  [["id", 0], ["LIMIT", 1]]
  ↳ app/controllers/cats_controller.rb:10
Completed 404 Not Found in 3ms (ActiveRecord: 0.4ms)



ActiveRecord::RecordNotFound - Couldn't find Cat with 'id'=cats_url:
  app/controllers/cats_controller.rb:10:in `show'

Started POST "/__better_errors/a4be5e8c656e7d98/variables" for 127.0.0.1 at 2019-01-29 15:28:09 -0800
Started GET "/cats/cats_url" for 127.0.0.1 at 2019-01-29 15:30:19 -0800
Processing by CatsController#show as HTML
  Parameters: {"id"=>"cats_url"}
  [1m[36mCat Load (0.8ms)[0m  [1m[34mSELECT  "cats".* FROM "cats" WHERE "cats"."id" = $1 LIMIT $2[0m  [["id", 0], ["LIMIT", 1]]
  ↳ app/controllers/cats_controller.rb:10
Completed 404 Not Found in 6ms (ActiveRecord: 0.8ms)



ActiveRecord::RecordNotFound - Couldn't find Cat with 'id'=cats_url:
  app/controllers/cats_controller.rb:10:in `show'

Started POST "/__better_errors/36e5fd3c82a74384/variables" for 127.0.0.1 at 2019-01-29 15:30:19 -0800
Started GET "/cats/cats_url" for 127.0.0.1 at 2019-01-29 15:30:21 -0800
Processing by CatsController#show as HTML
  Parameters: {"id"=>"cats_url"}
  [1m[36mCat Load (0.6ms)[0m  [1m[34mSELECT  "cats".* FROM "cats" WHERE "cats"."id" = $1 LIMIT $2[0m  [["id", 0], ["LIMIT", 1]]
  ↳ app/controllers/cats_controller.rb:10
Completed 404 Not Found in 3ms (ActiveRecord: 0.6ms)



ActiveRecord::RecordNotFound - Couldn't find Cat with 'id'=cats_url:
  app/controllers/cats_controller.rb:10:in `show'

Started POST "/__better_errors/ad619e7f51491941/variables" for 127.0.0.1 at 2019-01-29 15:30:21 -0800
Started GET "/cats/" for 127.0.0.1 at 2019-01-29 15:30:45 -0800
  [1m[35m (1.4ms)[0m  [1m[34mSELECT "schema_migrations"."version" FROM "schema_migrations" ORDER BY "schema_migrations"."version" ASC[0m
  ↳ /usr/local/var/rbenv/versions/2.5.0/lib/ruby/gems/2.5.0/gems/activerecord-5.2.2/lib/active_record/log_subscriber.rb:98
Processing by CatsController#index as HTML
  Rendering cats/index.html.erb within layouts/application
  [1m[36mCat Load (0.8ms)[0m  [1m[34mSELECT "cats".* FROM "cats"[0m
  ↳ app/views/cats/index.html.erb:3
  Rendered cats/index.html.erb within layouts/application (34.1ms)
Completed 200 OK in 436ms (Views: 395.1ms | ActiveRecord: 10.6ms)


Started GET "/cats/3" for 127.0.0.1 at 2019-01-29 15:30:47 -0800
Processing by CatsController#show as HTML
  Parameters: {"id"=>"3"}
  [1m[36mCat Load (0.6ms)[0m  [1m[34mSELECT  "cats".* FROM "cats" WHERE "cats"."id" = $1 LIMIT $2[0m  [["id", 3], ["LIMIT", 1]]
  ↳ app/controllers/cats_controller.rb:10
  Rendering cats/show.html.erb within layouts/application
  Rendered cats/show.html.erb within layouts/application (0.9ms)
Completed 200 OK in 53ms (Views: 33.0ms | ActiveRecord: 0.9ms)


Started GET "/cats" for 127.0.0.1 at 2019-01-29 15:30:48 -0800
Processing by CatsController#index as HTML
  Rendering cats/index.html.erb within layouts/application
  [1m[36mCat Load (0.5ms)[0m  [1m[34mSELECT "cats".* FROM "cats"[0m
  ↳ app/views/cats/index.html.erb:3
  Rendered cats/index.html.erb within layouts/application (3.2ms)
Completed 200 OK in 56ms (Views: 54.8ms | ActiveRecord: 0.5ms)


Started GET "/cats/2" for 127.0.0.1 at 2019-01-29 15:30:50 -0800
Processing by CatsController#show as HTML
  Parameters: {"id"=>"2"}
  [1m[36mCat Load (0.8ms)[0m  [1m[34mSELECT  "cats".* FROM "cats" WHERE "cats"."id" = $1 LIMIT $2[0m  [["id", 2], ["LIMIT", 1]]
  ↳ app/controllers/cats_controller.rb:10
  Rendering cats/show.html.erb within layouts/application
  Rendered cats/show.html.erb within layouts/application (1.5ms)
Completed 200 OK in 35ms (Views: 32.5ms | ActiveRecord: 0.8ms)


Started GET "/cats" for 127.0.0.1 at 2019-01-29 15:30:51 -0800
Processing by CatsController#index as HTML
  Rendering cats/index.html.erb within layouts/application
  [1m[36mCat Load (0.7ms)[0m  [1m[34mSELECT "cats".* FROM "cats"[0m
  ↳ app/views/cats/index.html.erb:3
  Rendered cats/index.html.erb within layouts/application (3.3ms)
Completed 200 OK in 34ms (Views: 32.9ms | ActiveRecord: 0.7ms)


Started GET "/cats/1" for 127.0.0.1 at 2019-01-29 15:30:51 -0800
Processing by CatsController#show as HTML
  Parameters: {"id"=>"1"}
  [1m[36mCat Load (0.6ms)[0m  [1m[34mSELECT  "cats".* FROM "cats" WHERE "cats"."id" = $1 LIMIT $2[0m  [["id", 1], ["LIMIT", 1]]
  ↳ app/controllers/cats_controller.rb:10
  Rendering cats/show.html.erb within layouts/application
  Rendered cats/show.html.erb within layouts/application (1.1ms)
Completed 200 OK in 31ms (Views: 28.1ms | ActiveRecord: 0.6ms)


Started GET "/cats" for 127.0.0.1 at 2019-01-29 15:30:52 -0800
Processing by CatsController#index as HTML
  Rendering cats/index.html.erb within layouts/application
  [1m[36mCat Load (0.7ms)[0m  [1m[34mSELECT "cats".* FROM "cats"[0m
  ↳ app/views/cats/index.html.erb:3
  Rendered cats/index.html.erb within layouts/application (4.5ms)
Completed 200 OK in 35ms (Views: 32.7ms | ActiveRecord: 0.7ms)


Started GET "/cats/3" for 127.0.0.1 at 2019-01-29 15:31:07 -0800
Processing by CatsController#show as HTML
  Parameters: {"id"=>"3"}
  [1m[36mCat Load (0.5ms)[0m  [1m[34mSELECT  "cats".* FROM "cats" WHERE "cats"."id" = $1 LIMIT $2[0m  [["id", 3], ["LIMIT", 1]]
  ↳ app/controllers/cats_controller.rb:10
  Rendering cats/show.html.erb within layouts/application
  Rendered cats/show.html.erb within layouts/application (0.9ms)
Completed 200 OK in 65ms (Views: 63.6ms | ActiveRecord: 0.5ms)


Started GET "/cats" for 127.0.0.1 at 2019-01-29 15:31:07 -0800
Processing by CatsController#index as HTML
  Rendering cats/index.html.erb within layouts/application
  [1m[36mCat Load (0.6ms)[0m  [1m[34mSELECT "cats".* FROM "cats"[0m
  ↳ app/views/cats/index.html.erb:3
  Rendered cats/index.html.erb within layouts/application (2.8ms)
Completed 200 OK in 100ms (Views: 97.5ms | ActiveRecord: 0.6ms)


Started GET "/cats/2" for 127.0.0.1 at 2019-01-29 15:31:08 -0800
Processing by CatsController#show as HTML
  Parameters: {"id"=>"2"}
  [1m[36mCat Load (5.6ms)[0m  [1m[34mSELECT  "cats".* FROM "cats" WHERE "cats"."id" = $1 LIMIT $2[0m  [["id", 2], ["LIMIT", 1]]
  ↳ app/controllers/cats_controller.rb:10
  Rendering cats/show.html.erb within layouts/application
  Rendered cats/show.html.erb within layouts/application (0.9ms)
Completed 200 OK in 42ms (Views: 34.6ms | ActiveRecord: 5.6ms)


Started GET "/cats" for 127.0.0.1 at 2019-01-29 15:31:09 -0800
Processing by CatsController#index as HTML
  Rendering cats/index.html.erb within layouts/application
  [1m[36mCat Load (2.8ms)[0m  [1m[34mSELECT "cats".* FROM "cats"[0m
  ↳ app/views/cats/index.html.erb:3
  Rendered cats/index.html.erb within layouts/application (5.6ms)
Completed 200 OK in 36ms (Views: 32.9ms | ActiveRecord: 2.8ms)


Started GET "/cats/1" for 127.0.0.1 at 2019-01-29 15:31:09 -0800
Processing by CatsController#show as HTML
  Parameters: {"id"=>"1"}
  [1m[36mCat Load (7.9ms)[0m  [1m[34mSELECT  "cats".* FROM "cats" WHERE "cats"."id" = $1 LIMIT $2[0m  [["id", 1], ["LIMIT", 1]]
  ↳ app/controllers/cats_controller.rb:10
  Rendering cats/show.html.erb within layouts/application
  Rendered cats/show.html.erb within layouts/application (0.9ms)
Completed 200 OK in 49ms (Views: 38.9ms | ActiveRecord: 7.9ms)


Started GET "/cats" for 127.0.0.1 at 2019-01-29 15:31:10 -0800
Processing by CatsController#index as HTML
  Rendering cats/index.html.erb within layouts/application
  [1m[36mCat Load (0.5ms)[0m  [1m[34mSELECT "cats".* FROM "cats"[0m
  ↳ app/views/cats/index.html.erb:3
  Rendered cats/index.html.erb within layouts/application (2.6ms)
Completed 200 OK in 37ms (Views: 35.8ms | ActiveRecord: 0.5ms)


Started GET "/cats/2" for 127.0.0.1 at 2019-01-29 15:31:11 -0800
Processing by CatsController#show as HTML
  Parameters: {"id"=>"2"}
  [1m[36mCat Load (0.6ms)[0m  [1m[34mSELECT  "cats".* FROM "cats" WHERE "cats"."id" = $1 LIMIT $2[0m  [["id", 2], ["LIMIT", 1]]
  ↳ app/controllers/cats_controller.rb:10
  Rendering cats/show.html.erb within layouts/application
  Rendered cats/show.html.erb within layouts/application (1.0ms)
Completed 200 OK in 37ms (Views: 33.7ms | ActiveRecord: 0.6ms)


Started GET "/cats" for 127.0.0.1 at 2019-01-29 15:31:12 -0800
Processing by CatsController#index as HTML
  Rendering cats/index.html.erb within layouts/application
  [1m[36mCat Load (0.7ms)[0m  [1m[34mSELECT "cats".* FROM "cats"[0m
  ↳ app/views/cats/index.html.erb:3
  Rendered cats/index.html.erb within layouts/application (3.7ms)
Completed 200 OK in 41ms (Views: 38.5ms | ActiveRecord: 0.7ms)


Started GET "/cats/1" for 127.0.0.1 at 2019-01-29 15:31:12 -0800
Processing by CatsController#show as HTML
  Parameters: {"id"=>"1"}
  [1m[36mCat Load (0.4ms)[0m  [1m[34mSELECT  "cats".* FROM "cats" WHERE "cats"."id" = $1 LIMIT $2[0m  [["id", 1], ["LIMIT", 1]]
  ↳ app/controllers/cats_controller.rb:10
  Rendering cats/show.html.erb within layouts/application
  Rendered cats/show.html.erb within layouts/application (1.2ms)
Completed 200 OK in 40ms (Views: 37.2ms | ActiveRecord: 0.4ms)


Started GET "/cats" for 127.0.0.1 at 2019-01-29 15:31:14 -0800
Processing by CatsController#index as HTML
  Rendering cats/index.html.erb within layouts/application
  [1m[36mCat Load (0.7ms)[0m  [1m[34mSELECT "cats".* FROM "cats"[0m
  ↳ app/views/cats/index.html.erb:3
  Rendered cats/index.html.erb within layouts/application (4.5ms)
Completed 200 OK in 56ms (Views: 52.5ms | ActiveRecord: 0.7ms)


Started GET "/cats/3" for 127.0.0.1 at 2019-01-29 15:31:16 -0800
Processing by CatsController#show as HTML
  Parameters: {"id"=>"3"}
  [1m[36mCat Load (0.5ms)[0m  [1m[34mSELECT  "cats".* FROM "cats" WHERE "cats"."id" = $1 LIMIT $2[0m  [["id", 3], ["LIMIT", 1]]
  ↳ app/controllers/cats_controller.rb:10
  Rendering cats/show.html.erb within layouts/application
  Rendered cats/show.html.erb within layouts/application (2.1ms)
Completed 200 OK in 51ms (Views: 48.3ms | ActiveRecord: 0.5ms)


Started GET "/cats" for 127.0.0.1 at 2019-01-29 15:31:17 -0800
Processing by CatsController#index as HTML
  Rendering cats/index.html.erb within layouts/application
  [1m[36mCat Load (0.7ms)[0m  [1m[34mSELECT "cats".* FROM "cats"[0m
  ↳ app/views/cats/index.html.erb:3
  Rendered cats/index.html.erb within layouts/application (2.8ms)
Completed 200 OK in 53ms (Views: 51.4ms | ActiveRecord: 0.7ms)


Started GET "/cats/2" for 127.0.0.1 at 2019-01-29 15:31:20 -0800
Processing by CatsController#show as HTML
  Parameters: {"id"=>"2"}
  [1m[36mCat Load (1.2ms)[0m  [1m[34mSELECT  "cats".* FROM "cats" WHERE "cats"."id" = $1 LIMIT $2[0m  [["id", 2], ["LIMIT", 1]]
  ↳ app/controllers/cats_controller.rb:10
  Rendering cats/show.html.erb within layouts/application
  Rendered cats/show.html.erb within layouts/application (1.4ms)
Completed 200 OK in 46ms (Views: 43.1ms | ActiveRecord: 1.2ms)


Started GET "/cats" for 127.0.0.1 at 2019-01-29 15:31:23 -0800
Processing by CatsController#index as HTML
  Rendering cats/index.html.erb within layouts/application
  [1m[36mCat Load (0.7ms)[0m  [1m[34mSELECT "cats".* FROM "cats"[0m
  ↳ app/views/cats/index.html.erb:3
  Rendered cats/index.html.erb within layouts/application (4.0ms)
Completed 200 OK in 37ms (Views: 36.1ms | ActiveRecord: 0.7ms)


  [1m[36mCat Load (2.4ms)[0m  [1m[34mSELECT "cats".* FROM "cats"[0m
Started GET "/cats/1" for 127.0.0.1 at 2019-01-29 15:31:53 -0800
Processing by CatsController#show as HTML
  Parameters: {"id"=>"1"}
  [1m[36mCat Load (0.4ms)[0m  [1m[34mSELECT  "cats".* FROM "cats" WHERE "cats"."id" = $1 LIMIT $2[0m  [["id", 1], ["LIMIT", 1]]
  ↳ app/controllers/cats_controller.rb:10
  Rendering cats/show.html.erb within layouts/application
  Rendered cats/show.html.erb within layouts/application (0.7ms)
Completed 200 OK in 60ms (Views: 58.3ms | ActiveRecord: 0.4ms)


Started GET "/cats" for 127.0.0.1 at 2019-01-29 15:32:13 -0800
Processing by CatsController#index as HTML
  Rendering cats/index.html.erb within layouts/application
  [1m[36mCat Load (0.5ms)[0m  [1m[34mSELECT "cats".* FROM "cats"[0m
  ↳ app/views/cats/index.html.erb:3
  Rendered cats/index.html.erb within layouts/application (2.1ms)
Completed 200 OK in 42ms (Views: 41.2ms | ActiveRecord: 0.5ms)


Started GET "/cats/1" for 127.0.0.1 at 2019-01-29 15:32:15 -0800
Processing by CatsController#show as HTML
  Parameters: {"id"=>"1"}
  [1m[36mCat Load (0.7ms)[0m  [1m[34mSELECT  "cats".* FROM "cats" WHERE "cats"."id" = $1 LIMIT $2[0m  [["id", 1], ["LIMIT", 1]]
  ↳ app/controllers/cats_controller.rb:10
  Rendering cats/show.html.erb within layouts/application
  Rendered cats/show.html.erb within layouts/application (0.8ms)
Completed 200 OK in 30ms (Views: 27.6ms | ActiveRecord: 0.7ms)


Started GET "/cats" for 127.0.0.1 at 2019-01-29 15:32:16 -0800
Processing by CatsController#index as HTML
  Rendering cats/index.html.erb within layouts/application
  [1m[36mCat Load (0.5ms)[0m  [1m[34mSELECT "cats".* FROM "cats"[0m
  ↳ app/views/cats/index.html.erb:3
  Rendered cats/index.html.erb within layouts/application (2.7ms)
Completed 200 OK in 31ms (Views: 29.9ms | ActiveRecord: 0.5ms)


Started GET "/cats/1" for 127.0.0.1 at 2019-01-29 15:32:18 -0800
Processing by CatsController#show as HTML
  Parameters: {"id"=>"1"}
  [1m[36mCat Load (0.4ms)[0m  [1m[34mSELECT  "cats".* FROM "cats" WHERE "cats"."id" = $1 LIMIT $2[0m  [["id", 1], ["LIMIT", 1]]
  ↳ app/controllers/cats_controller.rb:10
  Rendering cats/show.html.erb within layouts/application
  Rendered cats/show.html.erb within layouts/application (1.0ms)
Completed 200 OK in 38ms (Views: 35.6ms | ActiveRecord: 0.4ms)


Started GET "/cats" for 127.0.0.1 at 2019-01-29 15:32:19 -0800
Processing by CatsController#index as HTML
  Rendering cats/index.html.erb within layouts/application
  [1m[36mCat Load (0.6ms)[0m  [1m[34mSELECT "cats".* FROM "cats"[0m
  ↳ app/views/cats/index.html.erb:3
  Rendered cats/index.html.erb within layouts/application (2.7ms)
Completed 200 OK in 39ms (Views: 35.9ms | ActiveRecord: 0.6ms)


Started GET "/cats/1" for 127.0.0.1 at 2019-01-29 15:32:41 -0800
Processing by CatsController#show as HTML
  Parameters: {"id"=>"1"}
  [1m[36mCat Load (0.3ms)[0m  [1m[34mSELECT  "cats".* FROM "cats" WHERE "cats"."id" = $1 LIMIT $2[0m  [["id", 1], ["LIMIT", 1]]
  ↳ app/controllers/cats_controller.rb:10
  Rendering cats/show.html.erb within layouts/application
  Rendered cats/show.html.erb within layouts/application (1.6ms)
Completed 200 OK in 60ms (Views: 58.3ms | ActiveRecord: 0.3ms)


Started GET "/cats" for 127.0.0.1 at 2019-01-29 15:32:50 -0800
Processing by CatsController#index as HTML
  Rendering cats/index.html.erb within layouts/application
  [1m[36mCat Load (0.9ms)[0m  [1m[34mSELECT "cats".* FROM "cats"[0m
  ↳ app/views/cats/index.html.erb:3
  Rendered cats/index.html.erb within layouts/application (3.8ms)
Completed 200 OK in 100ms (Views: 98.7ms | ActiveRecord: 0.9ms)


Started GET "/cats/1" for 127.0.0.1 at 2019-01-29 15:32:51 -0800
Processing by CatsController#show as HTML
  Parameters: {"id"=>"1"}
  [1m[36mCat Load (0.5ms)[0m  [1m[34mSELECT  "cats".* FROM "cats" WHERE "cats"."id" = $1 LIMIT $2[0m  [["id", 1], ["LIMIT", 1]]
  ↳ app/controllers/cats_controller.rb:10
  Rendering cats/show.html.erb within layouts/application
  Rendered cats/show.html.erb within layouts/application (1.2ms)
Completed 200 OK in 34ms (Views: 31.3ms | ActiveRecord: 0.5ms)


Started GET "/cats" for 127.0.0.1 at 2019-01-29 15:32:56 -0800
Processing by CatsController#index as HTML
  Rendering cats/index.html.erb within layouts/application
  [1m[36mCat Load (0.5ms)[0m  [1m[34mSELECT "cats".* FROM "cats"[0m
  ↳ app/views/cats/index.html.erb:3
  Rendered cats/index.html.erb within layouts/application (3.4ms)
Completed 200 OK in 39ms (Views: 38.2ms | ActiveRecord: 0.5ms)


Started GET "/cats/3" for 127.0.0.1 at 2019-01-29 15:32:57 -0800
Processing by CatsController#show as HTML
  Parameters: {"id"=>"3"}
  [1m[36mCat Load (0.4ms)[0m  [1m[34mSELECT  "cats".* FROM "cats" WHERE "cats"."id" = $1 LIMIT $2[0m  [["id", 3], ["LIMIT", 1]]
  ↳ app/controllers/cats_controller.rb:10
  Rendering cats/show.html.erb within layouts/application
  Rendered cats/show.html.erb within layouts/application (1.2ms)
Completed 200 OK in 33ms (Views: 30.4ms | ActiveRecord: 0.4ms)


Started GET "/cats" for 127.0.0.1 at 2019-01-29 15:32:58 -0800
Processing by CatsController#index as HTML
  Rendering cats/index.html.erb within layouts/application
  [1m[36mCat Load (0.5ms)[0m  [1m[34mSELECT "cats".* FROM "cats"[0m
  ↳ app/views/cats/index.html.erb:3
  Rendered cats/index.html.erb within layouts/application (2.5ms)
Completed 200 OK in 36ms (Views: 33.7ms | ActiveRecord: 0.5ms)


Started GET "/cats" for 127.0.0.1 at 2019-01-29 15:33:43 -0800
Processing by CatsController#index as HTML
  Rendering cats/index.html.erb within layouts/application
  [1m[36mCat Load (0.4ms)[0m  [1m[34mSELECT "cats".* FROM "cats"[0m
  ↳ app/views/cats/index.html.erb:3
  Rendered cats/index.html.erb within layouts/application (2.7ms)
Completed 200 OK in 133ms (Views: 132.0ms | ActiveRecord: 0.4ms)


Started GET "/cats/1" for 127.0.0.1 at 2019-01-29 15:33:45 -0800
Processing by CatsController#show as HTML
  Parameters: {"id"=>"1"}
  [1m[36mCat Load (1.1ms)[0m  [1m[34mSELECT  "cats".* FROM "cats" WHERE "cats"."id" = $1 LIMIT $2[0m  [["id", 1], ["LIMIT", 1]]
  ↳ app/controllers/cats_controller.rb:10
  Rendering cats/show.html.erb within layouts/application
  Rendered cats/show.html.erb within layouts/application (1.3ms)
Completed 200 OK in 49ms (Views: 45.5ms | ActiveRecord: 1.1ms)


Started GET "/cats" for 127.0.0.1 at 2019-01-29 15:33:46 -0800
Processing by CatsController#index as HTML
  Rendering cats/index.html.erb within layouts/application
  [1m[36mCat Load (0.6ms)[0m  [1m[34mSELECT "cats".* FROM "cats"[0m
  ↳ app/views/cats/index.html.erb:3
  Rendered cats/index.html.erb within layouts/application (3.3ms)
Completed 200 OK in 42ms (Views: 40.7ms | ActiveRecord: 0.6ms)


Started GET "/cats" for 127.0.0.1 at 2019-01-29 15:34:20 -0800
Processing by CatsController#index as HTML
  Rendering cats/index.html.erb within layouts/application
  [1m[36mCat Load (0.7ms)[0m  [1m[34mSELECT "cats".* FROM "cats"[0m
  ↳ app/views/cats/index.html.erb:3
  Rendered cats/index.html.erb within layouts/application (2.9ms)
Completed 200 OK in 91ms (Views: 89.7ms | ActiveRecord: 0.7ms)


Started GET "/cats" for 127.0.0.1 at 2019-01-29 15:40:52 -0800
Processing by CatsController#index as HTML
  Rendering cats/index.html.erb within layouts/application
  [1m[36mCat Load (2.5ms)[0m  [1m[34mSELECT "cats".* FROM "cats"[0m
  ↳ app/views/cats/index.html.erb:3
  Rendered cats/index.html.erb within layouts/application (43.1ms)
Completed 200 OK in 186ms (Views: 142.8ms | ActiveRecord: 15.3ms)


Started GET "/cats/new" for 127.0.0.1 at 2019-01-29 15:40:57 -0800
Processing by CatsController#new as HTML
  Rendering cats/new.html.erb within layouts/application
  Rendered cats/_form.html.erb (2.9ms)
  Rendered cats/new.html.erb within layouts/application (26.5ms)
Completed 200 OK in 189ms (Views: 188.0ms | ActiveRecord: 0.0ms)


Started GET "/cats/1" for 127.0.0.1 at 2019-01-29 15:41:00 -0800
Processing by CatsController#show as HTML
  Parameters: {"id"=>"1"}
  [1m[36mCat Load (0.5ms)[0m  [1m[34mSELECT  "cats".* FROM "cats" WHERE "cats"."id" = $1 LIMIT $2[0m  [["id", 1], ["LIMIT", 1]]
  ↳ app/controllers/cats_controller.rb:10
  Rendering cats/show.html.erb within layouts/application
  Rendered cats/show.html.erb within layouts/application (0.9ms)
Completed 200 OK in 77ms (Views: 69.9ms | ActiveRecord: 1.2ms)


Started GET "/cats" for 127.0.0.1 at 2019-01-29 16:06:08 -0800
Processing by CatsController#index as HTML
  Rendering cats/index.html.erb within layouts/application
  [1m[36mCat Load (1.1ms)[0m  [1m[34mSELECT "cats".* FROM "cats"[0m
  ↳ app/views/cats/index.html.erb:3
  Rendered cats/index.html.erb within layouts/application (19.2ms)
Completed 200 OK in 168ms (Views: 156.4ms | ActiveRecord: 6.2ms)


Started GET "/cats" for 127.0.0.1 at 2019-01-29 16:10:52 -0800

SyntaxError - syntax error, unexpected end-of-input, expecting keyword_end:
  app/controllers/cats_controller.rb:45:in `'

Started POST "/__better_errors/4a6f0544472163dd/variables" for 127.0.0.1 at 2019-01-29 16:10:52 -0800
Started GET "/cats" for 127.0.0.1 at 2019-01-29 16:11:02 -0800
Processing by CatsController#index as HTML
  Rendering cats/index.html.erb within layouts/application
  [1m[36mCat Load (0.9ms)[0m  [1m[34mSELECT "cats".* FROM "cats"[0m
  ↳ app/views/cats/index.html.erb:3
  Rendered cats/index.html.erb within layouts/application (40.0ms)
Completed 200 OK in 217ms (Views: 166.0ms | ActiveRecord: 19.9ms)


Started GET "/cats/1" for 127.0.0.1 at 2019-01-29 16:11:12 -0800

NameError - undefined local variable or method `cats_url' for CatsController:Class:
  app/controllers/cats_controller.rb:18:in `<class:CatsController>'
  app/controllers/cats_controller.rb:1:in `<main>'

Started POST "/__better_errors/d942c10248a33d81/variables" for 127.0.0.1 at 2019-01-29 16:11:12 -0800
Started GET "/cats/1" for 127.0.0.1 at 2019-01-29 16:11:18 -0800
Processing by CatsController#show as HTML
  Parameters: {"id"=>"1"}
  [1m[36mCat Load (0.8ms)[0m  [1m[34mSELECT  "cats".* FROM "cats" WHERE "cats"."id" = $1 LIMIT $2[0m  [["id", 1], ["LIMIT", 1]]
  ↳ app/controllers/cats_controller.rb:10
  Rendering cats/show.html.erb within layouts/application
  Rendered cats/show.html.erb within layouts/application (1.1ms)
Completed 200 OK in 114ms (Views: 65.9ms | ActiveRecord: 10.0ms)


Started GET "/cats/1" for 127.0.0.1 at 2019-01-29 16:14:41 -0800
Processing by CatsController#show as HTML
  Parameters: {"id"=>"1"}
  [1m[36mCat Load (0.7ms)[0m  [1m[34mSELECT  "cats".* FROM "cats" WHERE "cats"."id" = $1 LIMIT $2[0m  [["id", 1], ["LIMIT", 1]]
  ↳ app/controllers/cats_controller.rb:10
  Rendering cats/show.html.erb within layouts/application
  Rendered cats/show.html.erb within layouts/application (3.4ms)
Completed 200 OK in 215ms (Views: 130.6ms | ActiveRecord: 15.9ms)


Started GET "/cats" for 127.0.0.1 at 2019-01-29 16:14:42 -0800
Processing by CatsController#index as HTML
  Rendering cats/index.html.erb within layouts/application
  [1m[36mCat Load (0.6ms)[0m  [1m[34mSELECT "cats".* FROM "cats"[0m
  ↳ app/views/cats/index.html.erb:3
  Rendered cats/index.html.erb within layouts/application (3.6ms)
Completed 200 OK in 57ms (Views: 55.5ms | ActiveRecord: 0.6ms)


Started GET "/cats" for 127.0.0.1 at 2019-01-29 16:17:08 -0800
Processing by CatsController#index as HTML
  Rendering cats/index.html.erb within layouts/application
  [1m[36mCat Load (0.5ms)[0m  [1m[34mSELECT "cats".* FROM "cats"[0m
  ↳ app/views/cats/index.html.erb:3
  Rendered cats/index.html.erb within layouts/application (3.3ms)
Completed 200 OK in 138ms (Views: 136.3ms | ActiveRecord: 0.5ms)


Started GET "/cats/new" for 127.0.0.1 at 2019-01-29 16:17:11 -0800
Processing by CatsController#new as HTML
  Rendering cats/new.html.erb within layouts/application
  Rendered cats/_form.html.erb (0.9ms)
  Rendered cats/new.html.erb within layouts/application (11.0ms)
Completed 200 OK in 88ms (Views: 87.5ms | ActiveRecord: 0.0ms)


Started POST "/cats" for 127.0.0.1 at 2019-01-29 16:17:15 -0800
Processing by CatsController#create as HTML
  Parameters: {"cat"=>{"name"=>"", "birth_date"=>"", "description"=>"Tell us about your amazing cat!"}}
  [1m[35m (0.3ms)[0m  [1m[35mBEGIN[0m
  ↳ app/controllers/cats_controller.rb:21
  [1m[35m (0.3ms)[0m  [1m[31mROLLBACK[0m
  ↳ app/controllers/cats_controller.rb:21
Completed 422 Unprocessable Entity in 38ms (Views: 0.5ms | ActiveRecord: 0.5ms)


Started GET "/cats/" for 127.0.0.1 at 2019-01-29 16:17:21 -0800
Processing by CatsController#index as HTML
  Rendering cats/index.html.erb within layouts/application
  [1m[36mCat Load (0.8ms)[0m  [1m[34mSELECT "cats".* FROM "cats"[0m
  ↳ app/views/cats/index.html.erb:3
  Rendered cats/index.html.erb within layouts/application (3.6ms)
Completed 200 OK in 46ms (Views: 43.3ms | ActiveRecord: 0.8ms)


Started GET "/cats/1" for 127.0.0.1 at 2019-01-29 16:18:23 -0800
Processing by CatsController#show as HTML
  Parameters: {"id"=>"1"}
  [1m[36mCat Load (0.6ms)[0m  [1m[34mSELECT  "cats".* FROM "cats" WHERE "cats"."id" = $1 LIMIT $2[0m  [["id", 1], ["LIMIT", 1]]
  ↳ app/controllers/cats_controller.rb:10
  Rendering cats/show.html.erb within layouts/application
  Rendered cats/show.html.erb within layouts/application (1.0ms)
Completed 200 OK in 152ms (Views: 149.6ms | ActiveRecord: 0.6ms)


Started GET "/cats/1" for 127.0.0.1 at 2019-01-29 16:19:34 -0800
Processing by CatsController#show as HTML
  Parameters: {"id"=>"1"}
  [1m[36mCat Load (0.5ms)[0m  [1m[34mSELECT  "cats".* FROM "cats" WHERE "cats"."id" = $1 LIMIT $2[0m  [["id", 1], ["LIMIT", 1]]
  ↳ app/controllers/cats_controller.rb:10
  Rendering cats/show.html.erb within layouts/application
  Rendered cats/show.html.erb within layouts/application (3.1ms)
Completed 200 OK in 144ms (Views: 141.5ms | ActiveRecord: 0.5ms)


Started GET "/cats/1/edit" for 127.0.0.1 at 2019-01-29 16:19:36 -0800
Processing by CatsController#edit as HTML
  Parameters: {"id"=>"1"}
  [1m[36mCat Load (1.1ms)[0m  [1m[34mSELECT  "cats".* FROM "cats" WHERE "cats"."id" = $1 LIMIT $2[0m  [["id", 1], ["LIMIT", 1]]
  ↳ app/controllers/cats_controller.rb:29
  Rendering cats/edit.html.erb within layouts/application
  Rendered cats/_form.html.erb (2.4ms)
  Rendered cats/edit.html.erb within layouts/application (8.6ms)
Completed 200 OK in 54ms (Views: 49.9ms | ActiveRecord: 1.1ms)


Started GET "/cats/1/edit" for 127.0.0.1 at 2019-01-29 16:24:12 -0800
Processing by CatsController#edit as HTML
  Parameters: {"id"=>"1"}
  [1m[36mCat Load (1.2ms)[0m  [1m[34mSELECT  "cats".* FROM "cats" WHERE "cats"."id" = $1 LIMIT $2[0m  [["id", 1], ["LIMIT", 1]]
  ↳ app/controllers/cats_controller.rb:29
  Rendering cats/edit.html.erb within layouts/application
  Rendered cats/_form.html.erb (11.4ms)
  Rendered cats/edit.html.erb within layouts/application (19.9ms)
Completed 500 Internal Server Error in 75ms (ActiveRecord: 1.2ms)



SyntaxError - syntax error, unexpected ')', expecting keyword_then or ';' or '\n'
...t!!!" : "Update %{cat.name}!" );@output_buffer.safe_append='...
...                              ^
/Users/appacademy/Desktop/W4D2/Cats_99/app/views/cats/_form.html.erb:41: syntax error, unexpected keyword_ensure, expecting ')'
          ensure
          ^~~~~~
/Users/appacademy/Desktop/W4D2/Cats_99/app/views/cats/_form.html.erb:43: syntax error, unexpected keyword_end, expecting ')'
          end
          ^~~:
  app/views/cats/_form.html.erb:6:in `'
  app/views/cats/edit.html.erb:1:in `_app_views_cats_edit_html_erb___2699190382313420792_70305988907280'
  app/controllers/cats_controller.rb:30:in `edit'

Started POST "/__better_errors/028daccc8e726cf0/variables" for 127.0.0.1 at 2019-01-29 16:24:12 -0800
Started GET "/cats/1/edit" for 127.0.0.1 at 2019-01-29 16:26:51 -0800
Processing by CatsController#edit as HTML
  Parameters: {"id"=>"1"}
  [1m[36mCat Load (0.4ms)[0m  [1m[34mSELECT  "cats".* FROM "cats" WHERE "cats"."id" = $1 LIMIT $2[0m  [["id", 1], ["LIMIT", 1]]
  ↳ app/controllers/cats_controller.rb:29
  Rendering cats/edit.html.erb within layouts/application
  Rendered cats/_form.html.erb (29.6ms)
  Rendered cats/edit.html.erb within layouts/application (33.3ms)
Completed 500 Internal Server Error in 66ms (ActiveRecord: 0.4ms)



SyntaxError - syntax error, unexpected ')', expecting keyword_then or ';' or '\n'
...Add a new cat!!!" : "Update!" );@output_buffer.safe_append='...
...                              ^
/Users/appacademy/Desktop/W4D2/Cats_99/app/views/cats/_form.html.erb:41: syntax error, unexpected keyword_ensure, expecting ')'
          ensure
          ^~~~~~
/Users/appacademy/Desktop/W4D2/Cats_99/app/views/cats/_form.html.erb:43: syntax error, unexpected keyword_end, expecting ')'
          end
          ^~~:
  app/views/cats/_form.html.erb:6:in `'
  app/views/cats/edit.html.erb:1:in `_app_views_cats_edit_html_erb___2699190382313420792_70306014676920'
  app/controllers/cats_controller.rb:30:in `edit'

Started POST "/__better_errors/21c367b99570edb4/variables" for 127.0.0.1 at 2019-01-29 16:26:51 -0800
Started POST "/__better_errors/21c367b99570edb4/variables" for 127.0.0.1 at 2019-01-29 16:26:56 -0800
Started GET "/cats/1/edit" for 127.0.0.1 at 2019-01-29 16:27:47 -0800
Processing by CatsController#edit as HTML
  Parameters: {"id"=>"1"}
  [1m[36mCat Load (0.3ms)[0m  [1m[34mSELECT  "cats".* FROM "cats" WHERE "cats"."id" = $1 LIMIT $2[0m  [["id", 1], ["LIMIT", 1]]
  ↳ app/controllers/cats_controller.rb:29
  Rendering cats/edit.html.erb within layouts/application
  Rendered cats/_form.html.erb (2.6ms)
  Rendered cats/edit.html.erb within layouts/application (6.8ms)
Completed 200 OK in 148ms (Views: 144.9ms | ActiveRecord: 0.3ms)


Started GET "/cats/1/edit" for 127.0.0.1 at 2019-01-29 16:28:07 -0800
Processing by CatsController#edit as HTML
  Parameters: {"id"=>"1"}
  [1m[36mCat Load (0.5ms)[0m  [1m[34mSELECT  "cats".* FROM "cats" WHERE "cats"."id" = $1 LIMIT $2[0m  [["id", 1], ["LIMIT", 1]]
  ↳ app/controllers/cats_controller.rb:29
  Rendering cats/edit.html.erb within layouts/application
  Rendered cats/_form.html.erb (2.2ms)
  Rendered cats/edit.html.erb within layouts/application (6.2ms)
Completed 200 OK in 86ms (Views: 83.8ms | ActiveRecord: 0.5ms)


Started GET "/cats/1/edit" for 127.0.0.1 at 2019-01-29 16:28:15 -0800
Processing by CatsController#edit as HTML
  Parameters: {"id"=>"1"}
  [1m[36mCat Load (0.9ms)[0m  [1m[34mSELECT  "cats".* FROM "cats" WHERE "cats"."id" = $1 LIMIT $2[0m  [["id", 1], ["LIMIT", 1]]
  ↳ app/controllers/cats_controller.rb:29
  Rendering cats/edit.html.erb within layouts/application
  Rendered cats/_form.html.erb (1.0ms)
  Rendered cats/edit.html.erb within layouts/application (4.4ms)
Completed 200 OK in 40ms (Views: 36.5ms | ActiveRecord: 0.9ms)


Started GET "/cats/1/edit" for 127.0.0.1 at 2019-01-29 16:28:18 -0800
Processing by CatsController#edit as HTML
  Parameters: {"id"=>"1"}
  [1m[36mCat Load (0.4ms)[0m  [1m[34mSELECT  "cats".* FROM "cats" WHERE "cats"."id" = $1 LIMIT $2[0m  [["id", 1], ["LIMIT", 1]]
  ↳ app/controllers/cats_controller.rb:29
  Rendering cats/edit.html.erb within layouts/application
  Rendered cats/_form.html.erb (1.0ms)
  Rendered cats/edit.html.erb within layouts/application (3.5ms)
Completed 200 OK in 44ms (Views: 42.4ms | ActiveRecord: 0.4ms)


Started GET "/cats/1/edit" for 127.0.0.1 at 2019-01-29 16:36:57 -0800
Processing by CatsController#edit as HTML
  Parameters: {"id"=>"1"}
  [1m[36mCat Load (2.1ms)[0m  [1m[34mSELECT  "cats".* FROM "cats" WHERE "cats"."id" = $1 LIMIT $2[0m  [["id", 1], ["LIMIT", 1]]
  ↳ app/controllers/cats_controller.rb:29
  Rendering cats/edit.html.erb within layouts/application
  Rendered cats/_form.html.erb (815.8ms)
  Rendered cats/edit.html.erb within layouts/application (829.9ms)
Completed 500 Internal Server Error in 890ms (ActiveRecord: 14.4ms)



NameError - undefined local variable or method `selected' for #<#<Class:0x00007fe2c7a838e0>:0x00007fe2ccb6fce0>
Did you mean?  select:
  app/views/cats/_form.html.erb:26:in `block in _app_views_cats__form_html_erb___3401528678036851184_70306000906420'
  app/views/cats/_form.html.erb:25:in `_app_views_cats__form_html_erb___3401528678036851184_70306000906420'
  app/views/cats/edit.html.erb:1:in `_app_views_cats_edit_html_erb___2699190382313420792_70306036937600'
  app/controllers/cats_controller.rb:30:in `edit'

Started POST "/__better_errors/7ddbd13578baf115/variables" for 127.0.0.1 at 2019-01-29 16:36:58 -0800
Started GET "/cats/1/edit" for 127.0.0.1 at 2019-01-29 16:37:15 -0800
Processing by CatsController#edit as HTML
  Parameters: {"id"=>"1"}
  [1m[36mCat Load (9.5ms)[0m  [1m[34mSELECT  "cats".* FROM "cats" WHERE "cats"."id" = $1 LIMIT $2[0m  [["id", 1], ["LIMIT", 1]]
  ↳ app/controllers/cats_controller.rb:29
  Rendering cats/edit.html.erb within layouts/application
  Rendered cats/_form.html.erb (1.6ms)
  Rendered cats/edit.html.erb within layouts/application (5.7ms)
Completed 200 OK in 133ms (Views: 120.2ms | ActiveRecord: 9.5ms)


Started GET "/cats/1/edit" for 127.0.0.1 at 2019-01-29 16:41:38 -0800
Processing by CatsController#edit as HTML
  Parameters: {"id"=>"1"}
  [1m[36mCat Load (0.8ms)[0m  [1m[34mSELECT  "cats".* FROM "cats" WHERE "cats"."id" = $1 LIMIT $2[0m  [["id", 1], ["LIMIT", 1]]
  ↳ app/controllers/cats_controller.rb:29
  Rendering cats/edit.html.erb within layouts/application
  Rendered cats/_form.html.erb (1.4ms)
  Rendered cats/edit.html.erb within layouts/application (6.5ms)
Completed 200 OK in 131ms (Views: 127.2ms | ActiveRecord: 0.8ms)


Started GET "/cats/1/edit" for 127.0.0.1 at 2019-01-29 16:41:51 -0800
Processing by CatsController#edit as HTML
  Parameters: {"id"=>"1"}
  [1m[36mCat Load (0.9ms)[0m  [1m[34mSELECT  "cats".* FROM "cats" WHERE "cats"."id" = $1 LIMIT $2[0m  [["id", 1], ["LIMIT", 1]]
  ↳ app/controllers/cats_controller.rb:29
  Rendering cats/edit.html.erb within layouts/application
  Rendered cats/_form.html.erb (0.8ms)
  Rendered cats/edit.html.erb within layouts/application (2.9ms)
Completed 200 OK in 69ms (Views: 64.2ms | ActiveRecord: 0.9ms)


Started GET "/cats/1/edit" for 127.0.0.1 at 2019-01-29 16:42:08 -0800
Processing by CatsController#edit as HTML
  Parameters: {"id"=>"1"}
  [1m[36mCat Load (0.5ms)[0m  [1m[34mSELECT  "cats".* FROM "cats" WHERE "cats"."id" = $1 LIMIT $2[0m  [["id", 1], ["LIMIT", 1]]
  ↳ app/controllers/cats_controller.rb:29
  Rendering cats/edit.html.erb within layouts/application
  Rendered cats/_form.html.erb (1.2ms)
  Rendered cats/edit.html.erb within layouts/application (4.7ms)
Completed 200 OK in 121ms (Views: 119.1ms | ActiveRecord: 0.5ms)


Started GET "/cats/1/edit" for 127.0.0.1 at 2019-01-29 16:42:23 -0800
Processing by CatsController#edit as HTML
  Parameters: {"id"=>"1"}
  [1m[36mCat Load (0.5ms)[0m  [1m[34mSELECT  "cats".* FROM "cats" WHERE "cats"."id" = $1 LIMIT $2[0m  [["id", 1], ["LIMIT", 1]]
  ↳ app/controllers/cats_controller.rb:29
  Rendering cats/edit.html.erb within layouts/application
  Rendered cats/_form.html.erb (1.6ms)
  Rendered cats/edit.html.erb within layouts/application (4.6ms)
Completed 200 OK in 30ms (Views: 28.1ms | ActiveRecord: 0.5ms)


Started GET "/cats/1/edit" for 127.0.0.1 at 2019-01-29 16:43:27 -0800
Processing by CatsController#edit as HTML
  Parameters: {"id"=>"1"}
  [1m[36mCat Load (0.6ms)[0m  [1m[34mSELECT  "cats".* FROM "cats" WHERE "cats"."id" = $1 LIMIT $2[0m  [["id", 1], ["LIMIT", 1]]
  ↳ app/controllers/cats_controller.rb:29
  Rendering cats/edit.html.erb within layouts/application
  Rendered cats/_form.html.erb (2.1ms)
  Rendered cats/edit.html.erb within layouts/application (5.4ms)
Completed 200 OK in 143ms (Views: 140.7ms | ActiveRecord: 0.6ms)


Started GET "/cats/1/edit" for 127.0.0.1 at 2019-01-29 16:44:47 -0800
Processing by CatsController#edit as HTML
  Parameters: {"id"=>"1"}
  [1m[36mCat Load (0.7ms)[0m  [1m[34mSELECT  "cats".* FROM "cats" WHERE "cats"."id" = $1 LIMIT $2[0m  [["id", 1], ["LIMIT", 1]]
  ↳ app/controllers/cats_controller.rb:29
  Rendering cats/edit.html.erb within layouts/application
  Rendered cats/_form.html.erb (31.8ms)
  Rendered cats/edit.html.erb within layouts/application (34.6ms)
Completed 500 Internal Server Error in 91ms (ActiveRecord: 0.7ms)



NoMethodError - undefined method `gender' for #<Cat:0x00007fe2cc81bc10>:
  app/views/cats/_form.html.erb:18:in `_app_views_cats__form_html_erb___3401528678036851184_70306018311520'
  app/views/cats/edit.html.erb:1:in `_app_views_cats_edit_html_erb___2699190382313420792_70306035177420'
  app/controllers/cats_controller.rb:30:in `edit'

Started POST "/__better_errors/eadb9803db489085/variables" for 127.0.0.1 at 2019-01-29 16:44:47 -0800
Started GET "/cats/1/edit" for 127.0.0.1 at 2019-01-29 16:45:07 -0800
Processing by CatsController#edit as HTML
  Parameters: {"id"=>"1"}
  [1m[36mCat Load (3.2ms)[0m  [1m[34mSELECT  "cats".* FROM "cats" WHERE "cats"."id" = $1 LIMIT $2[0m  [["id", 1], ["LIMIT", 1]]
  ↳ app/controllers/cats_controller.rb:29
  Rendering cats/edit.html.erb within layouts/application
  Rendered cats/_form.html.erb (1.9ms)
  Rendered cats/edit.html.erb within layouts/application (4.7ms)
Completed 200 OK in 124ms (Views: 118.2ms | ActiveRecord: 3.2ms)


Started GET "/cats/1/edit" for 127.0.0.1 at 2019-01-29 16:45:10 -0800
Processing by CatsController#edit as HTML
  Parameters: {"id"=>"1"}
  [1m[36mCat Load (0.6ms)[0m  [1m[34mSELECT  "cats".* FROM "cats" WHERE "cats"."id" = $1 LIMIT $2[0m  [["id", 1], ["LIMIT", 1]]
  ↳ app/controllers/cats_controller.rb:29
  Rendering cats/edit.html.erb within layouts/application
  Rendered cats/_form.html.erb (1.6ms)
  Rendered cats/edit.html.erb within layouts/application (4.4ms)
Completed 200 OK in 29ms (Views: 26.7ms | ActiveRecord: 0.6ms)


Started GET "/cats/1/edit" for 127.0.0.1 at 2019-01-29 16:45:16 -0800
Processing by CatsController#edit as HTML
  Parameters: {"id"=>"1"}
  [1m[36mCat Load (0.5ms)[0m  [1m[34mSELECT  "cats".* FROM "cats" WHERE "cats"."id" = $1 LIMIT $2[0m  [["id", 1], ["LIMIT", 1]]
  ↳ app/controllers/cats_controller.rb:29
  Rendering cats/edit.html.erb within layouts/application
  Rendered cats/_form.html.erb (1.0ms)
  Rendered cats/edit.html.erb within layouts/application (3.1ms)
Completed 200 OK in 30ms (Views: 28.1ms | ActiveRecord: 0.5ms)


Started GET "/cats/1/edit" for 127.0.0.1 at 2019-01-29 16:45:27 -0800
Processing by CatsController#edit as HTML
  Parameters: {"id"=>"1"}
  [1m[36mCat Load (0.7ms)[0m  [1m[34mSELECT  "cats".* FROM "cats" WHERE "cats"."id" = $1 LIMIT $2[0m  [["id", 1], ["LIMIT", 1]]
  ↳ app/controllers/cats_controller.rb:29
  Rendering cats/edit.html.erb within layouts/application
  Rendered cats/_form.html.erb (1.1ms)
  Rendered cats/edit.html.erb within layouts/application (11.3ms)
Completed 200 OK in 44ms (Views: 41.2ms | ActiveRecord: 0.7ms)


Started GET "/cats/1/edit" for 127.0.0.1 at 2019-01-29 16:47:35 -0800
Processing by CatsController#edit as HTML
  Parameters: {"id"=>"1"}
  [1m[36mCat Load (0.8ms)[0m  [1m[34mSELECT  "cats".* FROM "cats" WHERE "cats"."id" = $1 LIMIT $2[0m  [["id", 1], ["LIMIT", 1]]
  ↳ app/controllers/cats_controller.rb:29
  Rendering cats/edit.html.erb within layouts/application
  Rendered cats/_form.html.erb (1.4ms)
  Rendered cats/edit.html.erb within layouts/application (4.8ms)
Completed 200 OK in 113ms (Views: 108.9ms | ActiveRecord: 0.8ms)


Started GET "/cats/1/edit" for 127.0.0.1 at 2019-01-29 16:50:17 -0800
Processing by CatsController#edit as HTML
  Parameters: {"id"=>"1"}
  [1m[36mCat Load (0.7ms)[0m  [1m[34mSELECT  "cats".* FROM "cats" WHERE "cats"."id" = $1 LIMIT $2[0m  [["id", 1], ["LIMIT", 1]]
  ↳ app/controllers/cats_controller.rb:29
  Rendering cats/edit.html.erb within layouts/application
  Rendered cats/_form.html.erb (1.5ms)
  Rendered cats/edit.html.erb within layouts/application (3.7ms)
Completed 200 OK in 146ms (Views: 143.0ms | ActiveRecord: 0.7ms)


Started GET "/cats/1/edit" for 127.0.0.1 at 2019-01-29 16:50:19 -0800
Processing by CatsController#edit as HTML
  Parameters: {"id"=>"1"}
  [1m[36mCat Load (0.5ms)[0m  [1m[34mSELECT  "cats".* FROM "cats" WHERE "cats"."id" = $1 LIMIT $2[0m  [["id", 1], ["LIMIT", 1]]
  ↳ app/controllers/cats_controller.rb:29
  Rendering cats/edit.html.erb within layouts/application
  Rendered cats/_form.html.erb (2.0ms)
  Rendered cats/edit.html.erb within layouts/application (4.5ms)
Completed 200 OK in 105ms (Views: 102.6ms | ActiveRecord: 0.5ms)


Started GET "/cats/2/edit" for 127.0.0.1 at 2019-01-29 16:50:28 -0800
Processing by CatsController#edit as HTML
  Parameters: {"id"=>"2"}
  [1m[36mCat Load (0.6ms)[0m  [1m[34mSELECT  "cats".* FROM "cats" WHERE "cats"."id" = $1 LIMIT $2[0m  [["id", 2], ["LIMIT", 1]]
  ↳ app/controllers/cats_controller.rb:29
  Rendering cats/edit.html.erb within layouts/application
  Rendered cats/_form.html.erb (4.1ms)
  Rendered cats/edit.html.erb within layouts/application (7.5ms)
Completed 200 OK in 52ms (Views: 49.7ms | ActiveRecord: 0.6ms)


Started GET "/cats/2/edit" for 127.0.0.1 at 2019-01-29 16:52:07 -0800
Processing by CatsController#edit as HTML
  Parameters: {"id"=>"2"}
  [1m[36mCat Load (1.2ms)[0m  [1m[34mSELECT  "cats".* FROM "cats" WHERE "cats"."id" = $1 LIMIT $2[0m  [["id", 2], ["LIMIT", 1]]
  ↳ app/controllers/cats_controller.rb:29
  Rendering cats/edit.html.erb within layouts/application
  Rendered cats/_form.html.erb (5.3ms)
  Rendered cats/edit.html.erb within layouts/application (11.3ms)
Completed 200 OK in 119ms (Views: 101.1ms | ActiveRecord: 1.2ms)


Started PATCH "/cats/2" for 127.0.0.1 at 2019-01-29 16:53:15 -0800
Processing by CatsController#update as HTML
  Parameters: {"cat"=>{"name"=>"bye", "sex"=>"F", "color"=>"brown", "birth_date"=>"1999-04-12", "description"=>"Is not an angry cat "}, "id"=>"2"}
  [1m[36mCat Load (1.9ms)[0m  [1m[34mSELECT  "cats".* FROM "cats" WHERE "cats"."id" = $1 LIMIT $2[0m  [["id", 2], ["LIMIT", 1]]
  ↳ app/controllers/cats_controller.rb:34
  [1m[35m (0.2ms)[0m  [1m[35mBEGIN[0m
  ↳ app/controllers/cats_controller.rb:35
  [1m[36mCat Update (1.1ms)[0m  [1m[33mUPDATE "cats" SET "color" = $1, "sex" = $2, "description" = $3, "updated_at" = $4 WHERE "cats"."id" = $5[0m  [["color", "brown"], ["sex", "F"], ["description", "Is not an angry cat "], ["updated_at", "2019-01-30 00:53:15.305184"], ["id", 2]]
  ↳ app/controllers/cats_controller.rb:35
  [1m[35m (32.8ms)[0m  [1m[35mCOMMIT[0m
  ↳ app/controllers/cats_controller.rb:35
Redirected to http://localhost:3000/cats/2
Completed 302 Found in 67ms (ActiveRecord: 36.0ms)


Started GET "/cats/2" for 127.0.0.1 at 2019-01-29 16:53:15 -0800
Processing by CatsController#show as HTML
  Parameters: {"id"=>"2"}
  [1m[36mCat Load (0.4ms)[0m  [1m[34mSELECT  "cats".* FROM "cats" WHERE "cats"."id" = $1 LIMIT $2[0m  [["id", 2], ["LIMIT", 1]]
  ↳ app/controllers/cats_controller.rb:10
  Rendering cats/show.html.erb within layouts/application
  Rendered cats/show.html.erb within layouts/application (1.3ms)
Completed 200 OK in 145ms (Views: 142.0ms | ActiveRecord: 0.8ms)


  [1m[36mCat Load (3.5ms)[0m  [1m[34mSELECT "cats".* FROM "cats"[0m
Started GET "/cats/2" for 127.0.0.1 at 2019-01-29 16:54:49 -0800
Processing by CatsController#show as HTML
  Parameters: {"id"=>"2"}
  [1m[36mCat Load (0.5ms)[0m  [1m[34mSELECT  "cats".* FROM "cats" WHERE "cats"."id" = $1 LIMIT $2[0m  [["id", 2], ["LIMIT", 1]]
  ↳ app/controllers/cats_controller.rb:10
  Rendering cats/show.html.erb within layouts/application
  Rendered cats/show.html.erb within layouts/application (1.9ms)
Completed 200 OK in 144ms (Views: 142.0ms | ActiveRecord: 0.5ms)


Started GET "/cats" for 127.0.0.1 at 2019-01-29 16:54:49 -0800
Processing by CatsController#index as HTML
  Rendering cats/index.html.erb within layouts/application
  [1m[36mCat Load (0.5ms)[0m  [1m[34mSELECT "cats".* FROM "cats"[0m
  ↳ app/views/cats/index.html.erb:3
  Rendered cats/index.html.erb within layouts/application (4.1ms)
Completed 200 OK in 80ms (Views: 77.0ms | ActiveRecord: 0.5ms)


Started GET "/cats/1" for 127.0.0.1 at 2019-01-29 16:54:50 -0800
Processing by CatsController#show as HTML
  Parameters: {"id"=>"1"}
  [1m[36mCat Load (1.0ms)[0m  [1m[34mSELECT  "cats".* FROM "cats" WHERE "cats"."id" = $1 LIMIT $2[0m  [["id", 1], ["LIMIT", 1]]
  ↳ app/controllers/cats_controller.rb:10
  Rendering cats/show.html.erb within layouts/application
  Rendered cats/show.html.erb within layouts/application (2.0ms)
Completed 200 OK in 44ms (Views: 40.9ms | ActiveRecord: 1.0ms)


Started GET "/cats/1/edit" for 127.0.0.1 at 2019-01-29 16:54:59 -0800
Processing by CatsController#edit as HTML
  Parameters: {"id"=>"1"}
  [1m[36mCat Load (1.5ms)[0m  [1m[34mSELECT  "cats".* FROM "cats" WHERE "cats"."id" = $1 LIMIT $2[0m  [["id", 1], ["LIMIT", 1]]
  ↳ app/controllers/cats_controller.rb:29
  Rendering cats/edit.html.erb within layouts/application
  Rendered cats/_form.html.erb (2.3ms)
  Rendered cats/edit.html.erb within layouts/application (24.7ms)
Completed 200 OK in 83ms (Views: 76.2ms | ActiveRecord: 1.5ms)


Started GET "/cats/1/edit" for 127.0.0.1 at 2019-01-29 16:55:24 -0800
Processing by CatsController#edit as HTML
  Parameters: {"id"=>"1"}
  [1m[36mCat Load (0.7ms)[0m  [1m[34mSELECT  "cats".* FROM "cats" WHERE "cats"."id" = $1 LIMIT $2[0m  [["id", 1], ["LIMIT", 1]]
  ↳ app/controllers/cats_controller.rb:29
  Rendering cats/edit.html.erb within layouts/application
  Rendered cats/_form.html.erb (1.4ms)
  Rendered cats/edit.html.erb within layouts/application (4.5ms)
Completed 200 OK in 90ms (Views: 87.4ms | ActiveRecord: 0.7ms)


Started GET "/cats/3/edit" for 127.0.0.1 at 2019-01-29 16:55:30 -0800
Processing by CatsController#edit as HTML
  Parameters: {"id"=>"3"}
  [1m[36mCat Load (0.5ms)[0m  [1m[34mSELECT  "cats".* FROM "cats" WHERE "cats"."id" = $1 LIMIT $2[0m  [["id", 3], ["LIMIT", 1]]
  ↳ app/controllers/cats_controller.rb:29
  Rendering cats/edit.html.erb within layouts/application
  Rendered cats/_form.html.erb (1.6ms)
  Rendered cats/edit.html.erb within layouts/application (6.3ms)
Completed 200 OK in 54ms (Views: 50.9ms | ActiveRecord: 0.5ms)


  [1m[35m (0.3ms)[0m  [1m[34mSELECT pg_try_advisory_lock(3552545752600783155)[0m
  ↳ bin/rails:9
  [1m[35m (1.0ms)[0m  [1m[34mSELECT "schema_migrations"."version" FROM "schema_migrations" ORDER BY "schema_migrations"."version" ASC[0m
  ↳ bin/rails:9
Migrating to CreateCatRentalRequests (20190130010203)
  [1m[35m (0.3ms)[0m  [1m[35mBEGIN[0m
  ↳ bin/rails:9
  [1m[35m (87.9ms)[0m  [1m[35mCREATE TABLE "cat_rental_requests" ("id" bigserial primary key, "cat_id" integer NOT NULL, "start_date" date NOT NULL, "end_date" date NOT NULL, "status" character varying DEFAULT 'PENDING' NOT NULL, "created_at" timestamp NOT NULL, "updated_at" timestamp NOT NULL)[0m
  ↳ db/migrate/20190130010203_create_cat_rental_requests.rb:3
  [1m[35m (1.2ms)[0m  [1m[35mCREATE  INDEX  "index_cat_rental_requests_on_cat_id" ON "cat_rental_requests"  ("cat_id")[0m
  ↳ db/migrate/20190130010203_create_cat_rental_requests.rb:11
  [1m[36mActiveRecord::SchemaMigration Create (0.7ms)[0m  [1m[32mINSERT INTO "schema_migrations" ("version") VALUES ($1) RETURNING "version"[0m  [["version", "20190130010203"]]
  ↳ bin/rails:9
  [1m[35m (33.2ms)[0m  [1m[35mCOMMIT[0m
  ↳ bin/rails:9
  [1m[36mActiveRecord::InternalMetadata Load (14.1ms)[0m  [1m[34mSELECT  "ar_internal_metadata".* FROM "ar_internal_metadata" WHERE "ar_internal_metadata"."key" = $1 LIMIT $2[0m  [["key", "environment"], ["LIMIT", 1]]
  ↳ bin/rails:9
  [1m[35m (0.2ms)[0m  [1m[35mBEGIN[0m
  ↳ bin/rails:9
  [1m[35m (0.2ms)[0m  [1m[35mCOMMIT[0m
  ↳ bin/rails:9
  [1m[35m (0.3ms)[0m  [1m[34mSELECT pg_advisory_unlock(3552545752600783155)[0m
  ↳ bin/rails:9
  [1m[35m (0.3ms)[0m  [1m[34mSELECT "schema_migrations"."version" FROM "schema_migrations" ORDER BY "schema_migrations"."version" ASC[0m
  ↳ bin/rails:9
  [1m[35m (30.2ms)[0m  [1m[34mSELECT "schema_migrations"."version" FROM "schema_migrations" ORDER BY "schema_migrations"."version" ASC[0m
  ↳ /usr/local/var/rbenv/versions/2.5.0/bin/annotate:23
